<?xml version="1.0" encoding="UTF-8"?>
<coverage generated="1480431798613" clover="3.2.0">
  <project timestamp="1480431798613" name="All files">
    <metrics statements="252" coveredstatements="85" conditionals="55" coveredconditionals="14" methods="116" coveredmethods="26" elements="423" coveredelements="125" complexity="0" loc="252" ncloc="252" packages="7" files="28" classes="28">
      <package name="Components">
        <metrics statements="50" coveredstatements="17" conditionals="10" coveredconditionals="4" methods="20" coveredmethods="6"/>
        <file name="CatCard.js" path="/Users/sjbowman/Desktop/CIS*4250/PublicMobileInterface/App/Components/CatCard.js">
          <metrics statements="10" coveredstatements="1" conditionals="2" coveredconditionals="0" methods="4" coveredmethods="0"/>
          <line num="8" count="0" type="stmt"/>
          <line num="9" count="0" type="stmt"/>
          <line num="18" count="0" type="stmt"/>
          <line num="19" count="0" type="stmt"/>
          <line num="28" count="0" type="stmt"/>
          <line num="32" count="0" type="stmt"/>
          <line num="33" count="0" type="stmt"/>
          <line num="34" count="0" type="stmt"/>
          <line num="36" count="0" type="stmt"/>
          <line num="55" count="1" type="stmt"/>
        </file>
        <file name="DrawerButton.js" path="/Users/sjbowman/Desktop/CIS*4250/PublicMobileInterface/App/Components/DrawerButton.js">
          <metrics statements="5" coveredstatements="3" conditionals="0" coveredconditionals="0" methods="3" coveredmethods="1"/>
          <line num="8" count="1" type="stmt"/>
          <line num="9" count="0" type="stmt"/>
          <line num="11" count="0" type="stmt"/>
          <line num="17" count="4" type="stmt"/>
          <line num="25" count="1" type="stmt"/>
        </file>
        <file name="DropDown.js" path="/Users/sjbowman/Desktop/CIS*4250/PublicMobileInterface/App/Components/DropDown.js">
          <metrics statements="21" coveredstatements="7" conditionals="6" coveredconditionals="2" methods="4" coveredmethods="3"/>
          <line num="17" count="2" type="stmt"/>
          <line num="18" count="2" type="stmt"/>
          <line num="25" count="0" type="stmt"/>
          <line num="26" count="0" type="stmt"/>
          <line num="27" count="0" type="stmt"/>
          <line num="28" count="0" type="stmt"/>
          <line num="30" count="0" type="stmt"/>
          <line num="32" count="0" type="stmt"/>
          <line num="33" count="0" type="stmt"/>
          <line num="36" count="0" type="stmt"/>
          <line num="44" count="2" type="stmt"/>
          <line num="45" count="2" type="stmt"/>
          <line num="46" count="0" type="stmt"/>
          <line num="48" count="0" type="stmt"/>
          <line num="50" count="0" type="stmt"/>
          <line num="51" count="0" type="stmt"/>
          <line num="54" count="0" type="stmt"/>
          <line num="61" count="2" type="stmt"/>
          <line num="62" count="2" type="stmt"/>
          <line num="71" count="0" type="stmt"/>
          <line num="85" count="1" type="stmt"/>
        </file>
        <file name="NumericalSlider.js" path="/Users/sjbowman/Desktop/CIS*4250/PublicMobileInterface/App/Components/NumericalSlider.js">
          <metrics statements="7" coveredstatements="1" conditionals="0" coveredconditionals="0" methods="5" coveredmethods="0"/>
          <line num="9" count="0" type="stmt"/>
          <line num="10" count="0" type="stmt"/>
          <line num="16" count="0" type="stmt"/>
          <line num="22" count="0" type="stmt"/>
          <line num="26" count="0" type="stmt"/>
          <line num="32" count="0" type="stmt"/>
          <line num="48" count="1" type="stmt"/>
        </file>
        <file name="RoundedButton.js" path="/Users/sjbowman/Desktop/CIS*4250/PublicMobileInterface/App/Components/RoundedButton.js">
          <metrics statements="7" coveredstatements="5" conditionals="2" coveredconditionals="2" methods="4" coveredmethods="2"/>
          <line num="7" count="6" type="stmt"/>
          <line num="8" count="0" type="stmt"/>
          <line num="10" count="0" type="stmt"/>
          <line num="17" count="10" type="stmt"/>
          <line num="18" count="10" type="stmt"/>
          <line num="22" count="10" type="stmt"/>
          <line num="30" count="6" type="stmt"/>
        </file>
      </package>
      <package name="Components.Styles">
        <metrics statements="0" coveredstatements="0" conditionals="0" coveredconditionals="0" methods="0" coveredmethods="0"/>
        <file name="CatCardStyle.js" path="/Users/sjbowman/Desktop/CIS*4250/PublicMobileInterface/App/Components/Styles/CatCardStyle.js">
          <metrics statements="0" coveredstatements="0" conditionals="0" coveredconditionals="0" methods="0" coveredmethods="0"/>
        </file>
        <file name="DrawerButtonStyles.js" path="/Users/sjbowman/Desktop/CIS*4250/PublicMobileInterface/App/Components/Styles/DrawerButtonStyles.js">
          <metrics statements="0" coveredstatements="0" conditionals="0" coveredconditionals="0" methods="0" coveredmethods="0"/>
        </file>
        <file name="DropDownStyle.js" path="/Users/sjbowman/Desktop/CIS*4250/PublicMobileInterface/App/Components/Styles/DropDownStyle.js">
          <metrics statements="0" coveredstatements="0" conditionals="0" coveredconditionals="0" methods="0" coveredmethods="0"/>
        </file>
        <file name="NumericalSliderStyle.js" path="/Users/sjbowman/Desktop/CIS*4250/PublicMobileInterface/App/Components/Styles/NumericalSliderStyle.js">
          <metrics statements="0" coveredstatements="0" conditionals="0" coveredconditionals="0" methods="0" coveredmethods="0"/>
        </file>
        <file name="RoundedButtonStyle.js" path="/Users/sjbowman/Desktop/CIS*4250/PublicMobileInterface/App/Components/Styles/RoundedButtonStyle.js">
          <metrics statements="0" coveredstatements="0" conditionals="0" coveredconditionals="0" methods="0" coveredmethods="0"/>
        </file>
      </package>
      <package name="Config">
        <metrics statements="1" coveredstatements="1" conditionals="0" coveredconditionals="0" methods="0" coveredmethods="0"/>
        <file name="DebugSettings.js" path="/Users/sjbowman/Desktop/CIS*4250/PublicMobileInterface/App/Config/DebugSettings.js">
          <metrics statements="1" coveredstatements="1" conditionals="0" coveredconditionals="0" methods="0" coveredmethods="0"/>
          <line num="1" count="7" type="stmt"/>
        </file>
      </package>
      <package name="Containers">
        <metrics statements="188" coveredstatements="55" conditionals="37" coveredconditionals="6" methods="93" coveredmethods="19"/>
        <file name="AccountInfo.js" path="/Users/sjbowman/Desktop/CIS*4250/PublicMobileInterface/App/Containers/AccountInfo.js">
          <metrics statements="19" coveredstatements="6" conditionals="0" coveredconditionals="0" methods="14" coveredmethods="3"/>
          <line num="10" count="1" type="stmt"/>
          <line num="18" count="1" type="stmt"/>
          <line num="19" count="1" type="stmt"/>
          <line num="34" count="1" type="stmt"/>
          <line num="35" count="1" type="stmt"/>
          <line num="37" count="0" type="stmt"/>
          <line num="38" count="0" type="stmt"/>
          <line num="50" count="0" type="stmt"/>
          <line num="54" count="0" type="stmt"/>
          <line num="60" count="0" type="stmt"/>
          <line num="66" count="0" type="stmt"/>
          <line num="72" count="0" type="stmt"/>
          <line num="78" count="0" type="stmt"/>
          <line num="84" count="0" type="stmt"/>
          <line num="90" count="0" type="stmt"/>
          <line num="102" count="0" type="stmt"/>
          <line num="103" count="0" type="stmt"/>
          <line num="107" count="1" type="stmt"/>
          <line num="126" count="0" type="stmt"/>
        </file>
        <file name="AddCat.js" path="/Users/sjbowman/Desktop/CIS*4250/PublicMobileInterface/App/Containers/AddCat.js">
          <metrics statements="25" coveredstatements="7" conditionals="0" coveredconditionals="0" methods="16" coveredmethods="3"/>
          <line num="12" count="1" type="stmt"/>
          <line num="20" count="1" type="stmt"/>
          <line num="21" count="1" type="stmt"/>
          <line num="36" count="1" type="stmt"/>
          <line num="39" count="1" type="stmt"/>
          <line num="41" count="0" type="stmt"/>
          <line num="42" count="0" type="stmt"/>
          <line num="45" count="0" type="stmt"/>
          <line num="49" count="0" type="stmt"/>
          <line num="52" count="1" type="stmt"/>
          <line num="54" count="0" type="stmt"/>
          <line num="55" count="0" type="stmt"/>
          <line num="58" count="0" type="stmt"/>
          <line num="62" count="0" type="stmt"/>
          <line num="66" count="0" type="stmt"/>
          <line num="80" count="0" type="stmt"/>
          <line num="81" count="0" type="stmt"/>
          <line num="85" count="0" type="stmt"/>
          <line num="91" count="0" type="stmt"/>
          <line num="97" count="0" type="stmt"/>
          <line num="103" count="0" type="stmt"/>
          <line num="109" count="0" type="stmt"/>
          <line num="115" count="0" type="stmt"/>
          <line num="121" count="0" type="stmt"/>
          <line num="127" count="1" type="stmt"/>
        </file>
        <file name="CatInfo.js" path="/Users/sjbowman/Desktop/CIS*4250/PublicMobileInterface/App/Containers/CatInfo.js">
          <metrics statements="58" coveredstatements="20" conditionals="14" coveredconditionals="5" methods="19" coveredmethods="3"/>
          <line num="12" count="1" type="stmt"/>
          <line num="20" count="1" type="stmt"/>
          <line num="21" count="1" type="stmt"/>
          <line num="38" count="1" type="stmt"/>
          <line num="40" count="1" type="stmt"/>
          <line num="42" count="0" type="stmt"/>
          <line num="43" count="0" type="stmt"/>
          <line num="53" count="0" type="stmt"/>
          <line num="55" count="1" type="stmt"/>
          <line num="57" count="0" type="stmt"/>
          <line num="58" count="0" type="stmt"/>
          <line num="61" count="0" type="stmt"/>
          <line num="63" count="0" type="stmt"/>
          <line num="65" count="1" type="stmt"/>
          <line num="67" count="0" type="stmt"/>
          <line num="68" count="0" type="stmt"/>
          <line num="71" count="0" type="stmt"/>
          <line num="73" count="0" type="stmt"/>
          <line num="77" count="0" type="stmt"/>
          <line num="78" count="0" type="stmt"/>
          <line num="79" count="0" type="stmt"/>
          <line num="85" count="0" type="stmt"/>
          <line num="91" count="0" type="stmt"/>
          <line num="92" count="0" type="stmt"/>
          <line num="93" count="0" type="stmt"/>
          <line num="100" count="0" type="stmt"/>
          <line num="106" count="0" type="stmt"/>
          <line num="107" count="0" type="stmt"/>
          <line num="108" count="0" type="stmt"/>
          <line num="115" count="0" type="stmt"/>
          <line num="121" count="0" type="stmt"/>
          <line num="122" count="0" type="stmt"/>
          <line num="123" count="0" type="stmt"/>
          <line num="130" count="0" type="stmt"/>
          <line num="144" count="0" type="stmt"/>
          <line num="145" count="0" type="stmt"/>
          <line num="149" count="0" type="stmt"/>
          <line num="153" count="0" type="stmt"/>
          <line num="157" count="1" type="stmt"/>
          <line num="158" count="1" type="stmt"/>
          <line num="160" count="1" type="stmt"/>
          <line num="161" count="1" type="stmt"/>
          <line num="162" count="0" type="stmt"/>
          <line num="163" count="0" type="stmt"/>
          <line num="168" count="1" type="stmt"/>
          <line num="169" count="1" type="stmt"/>
          <line num="170" count="0" type="stmt"/>
          <line num="171" count="0" type="stmt"/>
          <line num="179" count="1" type="stmt"/>
          <line num="180" count="1" type="stmt"/>
          <line num="186" count="0" type="stmt"/>
          <line num="192" count="1" type="stmt"/>
          <line num="193" count="1" type="stmt"/>
          <line num="199" count="0" type="stmt"/>
          <line num="205" count="1" type="stmt"/>
          <line num="206" count="1" type="stmt"/>
          <line num="212" count="0" type="stmt"/>
          <line num="217" count="1" type="stmt"/>
        </file>
        <file name="CatList.js" path="/Users/sjbowman/Desktop/CIS*4250/PublicMobileInterface/App/Containers/CatList.js">
          <metrics statements="19" coveredstatements="9" conditionals="4" coveredconditionals="1" methods="6" coveredmethods="3"/>
          <line num="10" count="1" type="stmt"/>
          <line num="18" count="1" type="stmt"/>
          <line num="19" count="1" type="stmt"/>
          <line num="26" count="1" type="stmt"/>
          <line num="29" count="1" type="stmt"/>
          <line num="31" count="0" type="stmt"/>
          <line num="33" count="0" type="stmt"/>
          <line num="34" count="0" type="stmt"/>
          <line num="39" count="0" type="stmt"/>
          <line num="43" count="0" type="stmt"/>
          <line num="47" count="1" type="stmt"/>
          <line num="48" count="1" type="stmt"/>
          <line num="50" count="1" type="stmt"/>
          <line num="51" count="0" type="stmt"/>
          <line num="52" count="0" type="stmt"/>
          <line num="54" count="0" type="stmt"/>
          <line num="55" count="0" type="stmt"/>
          <line num="58" count="1" type="stmt"/>
          <line num="75" count="0" type="stmt"/>
        </file>
        <file name="DrawerContent.js" path="/Users/sjbowman/Desktop/CIS*4250/PublicMobileInterface/App/Containers/DrawerContent.js">
          <metrics statements="26" coveredstatements="4" conditionals="4" coveredconditionals="0" methods="12" coveredmethods="2"/>
          <line num="8" count="1" type="stmt"/>
          <line num="16" count="1" type="stmt"/>
          <line num="17" count="0" type="stmt"/>
          <line num="18" count="0" type="stmt"/>
          <line num="19" count="0" type="stmt"/>
          <line num="21" count="0" type="stmt"/>
          <line num="26" count="0" type="stmt"/>
          <line num="30" count="0" type="stmt"/>
          <line num="31" count="0" type="stmt"/>
          <line num="35" count="0" type="stmt"/>
          <line num="36" count="0" type="stmt"/>
          <line num="40" count="0" type="stmt"/>
          <line num="41" count="0" type="stmt"/>
          <line num="45" count="0" type="stmt"/>
          <line num="46" count="0" type="stmt"/>
          <line num="50" count="0" type="stmt"/>
          <line num="51" count="0" type="stmt"/>
          <line num="55" count="0" type="stmt"/>
          <line num="62" count="0" type="stmt"/>
          <line num="63" count="0" type="stmt"/>
          <line num="64" count="0" type="stmt"/>
          <line num="65" count="0" type="stmt"/>
          <line num="66" count="0" type="stmt"/>
          <line num="68" count="0" type="stmt"/>
          <line num="81" count="1" type="stmt"/>
          <line num="92" count="1" type="stmt"/>
        </file>
        <file name="PresentationScreen.js" path="/Users/sjbowman/Desktop/CIS*4250/PublicMobileInterface/App/Containers/PresentationScreen.js">
          <metrics statements="1" coveredstatements="1" conditionals="0" coveredconditionals="0" methods="1" coveredmethods="1"/>
          <line num="12" count="1" type="stmt"/>
        </file>
        <file name="SignIn.js" path="/Users/sjbowman/Desktop/CIS*4250/PublicMobileInterface/App/Containers/SignIn.js">
          <metrics statements="16" coveredstatements="4" conditionals="6" coveredconditionals="0" methods="9" coveredmethods="2"/>
          <line num="11" count="1" type="stmt"/>
          <line num="19" count="1" type="stmt"/>
          <line num="20" count="1" type="stmt"/>
          <line num="27" count="0" type="stmt"/>
          <line num="28" count="0" type="stmt"/>
          <line num="30" count="0" type="stmt"/>
          <line num="35" count="0" type="stmt"/>
          <line num="36" count="0" type="stmt"/>
          <line num="37" count="0" type="stmt"/>
          <line num="40" count="0" type="stmt"/>
          <line num="44" count="0" type="stmt"/>
          <line num="48" count="0" type="stmt"/>
          <line num="54" count="0" type="stmt"/>
          <line num="60" count="0" type="stmt"/>
          <line num="64" count="1" type="stmt"/>
          <line num="77" count="0" type="stmt"/>
        </file>
        <file name="SignUp.js" path="/Users/sjbowman/Desktop/CIS*4250/PublicMobileInterface/App/Containers/SignUp.js">
          <metrics statements="24" coveredstatements="4" conditionals="9" coveredconditionals="0" methods="16" coveredmethods="2"/>
          <line num="11" count="1" type="stmt"/>
          <line num="19" count="1" type="stmt"/>
          <line num="20" count="1" type="stmt"/>
          <line num="30" count="0" type="stmt"/>
          <line num="31" count="0" type="stmt"/>
          <line num="35" count="0" type="stmt"/>
          <line num="37" count="0" type="stmt"/>
          <line num="42" count="0" type="stmt"/>
          <line num="43" count="0" type="stmt"/>
          <line num="44" count="0" type="stmt"/>
          <line num="47" count="0" type="stmt"/>
          <line num="61" count="0" type="stmt"/>
          <line num="62" count="0" type="stmt"/>
          <line num="66" count="0" type="stmt"/>
          <line num="72" count="0" type="stmt"/>
          <line num="78" count="0" type="stmt"/>
          <line num="84" count="0" type="stmt"/>
          <line num="90" count="0" type="stmt"/>
          <line num="96" count="0" type="stmt"/>
          <line num="100" count="1" type="stmt"/>
          <line num="109" count="0" type="stmt"/>
          <line num="112" count="0" type="stmt"/>
          <line num="115" count="0" type="stmt"/>
          <line num="118" count="0" type="stmt"/>
        </file>
      </package>
      <package name="Containers.Styles">
        <metrics statements="0" coveredstatements="0" conditionals="0" coveredconditionals="0" methods="0" coveredmethods="0"/>
        <file name="DrawerContentStyle.js" path="/Users/sjbowman/Desktop/CIS*4250/PublicMobileInterface/App/Containers/Styles/DrawerContentStyle.js">
          <metrics statements="0" coveredstatements="0" conditionals="0" coveredconditionals="0" methods="0" coveredmethods="0"/>
        </file>
        <file name="PresentationScreenStyle.js" path="/Users/sjbowman/Desktop/CIS*4250/PublicMobileInterface/App/Containers/Styles/PresentationScreenStyle.js">
          <metrics statements="0" coveredstatements="0" conditionals="0" coveredconditionals="0" methods="0" coveredmethods="0"/>
        </file>
      </package>
      <package name="Services">
        <metrics statements="5" coveredstatements="4" conditionals="2" coveredconditionals="1" methods="3" coveredmethods="1"/>
        <file name="ExamplesRegistry.js" path="/Users/sjbowman/Desktop/CIS*4250/PublicMobileInterface/App/Services/ExamplesRegistry.js">
          <metrics statements="5" coveredstatements="4" conditionals="2" coveredconditionals="1" methods="3" coveredmethods="1"/>
          <line num="6" count="7" type="stmt"/>
          <line num="8" count="7" type="stmt"/>
          <line num="10" count="7" type="stmt"/>
          <line num="11" count="0" type="stmt"/>
          <line num="21" count="7" type="stmt"/>
        </file>
      </package>
      <package name="Themes">
        <metrics statements="8" coveredstatements="8" conditionals="6" coveredconditionals="3" methods="0" coveredmethods="0"/>
        <file name="ApplicationStyles.js" path="/Users/sjbowman/Desktop/CIS*4250/PublicMobileInterface/App/Themes/ApplicationStyles.js">
          <metrics statements="1" coveredstatements="1" conditionals="0" coveredconditionals="0" methods="0" coveredmethods="0"/>
          <line num="8" count="8" type="stmt"/>
        </file>
        <file name="Colors.js" path="/Users/sjbowman/Desktop/CIS*4250/PublicMobileInterface/App/Themes/Colors.js">
          <metrics statements="1" coveredstatements="1" conditionals="0" coveredconditionals="0" methods="0" coveredmethods="0"/>
          <line num="1" count="8" type="stmt"/>
        </file>
        <file name="Fonts.js" path="/Users/sjbowman/Desktop/CIS*4250/PublicMobileInterface/App/Themes/Fonts.js">
          <metrics statements="3" coveredstatements="3" conditionals="0" coveredconditionals="0" methods="0" coveredmethods="0"/>
          <line num="1" count="8" type="stmt"/>
          <line num="7" count="8" type="stmt"/>
          <line num="21" count="8" type="stmt"/>
        </file>
        <file name="Images.js" path="/Users/sjbowman/Desktop/CIS*4250/PublicMobileInterface/App/Themes/Images.js">
          <metrics statements="1" coveredstatements="1" conditionals="0" coveredconditionals="0" methods="0" coveredmethods="0"/>
          <line num="2" count="8" type="stmt"/>
        </file>
        <file name="Metrics.js" path="/Users/sjbowman/Desktop/CIS*4250/PublicMobileInterface/App/Themes/Metrics.js">
          <metrics statements="2" coveredstatements="2" conditionals="6" coveredconditionals="3" methods="0" coveredmethods="0"/>
          <line num="3" count="8" type="stmt"/>
          <line num="6" count="8" type="stmt"/>
        </file>
        <file name="index.js" path="/Users/sjbowman/Desktop/CIS*4250/PublicMobileInterface/App/Themes/index.js">
          <metrics statements="0" coveredstatements="0" conditionals="0" coveredconditionals="0" methods="0" coveredmethods="0"/>
        </file>
      </package>
    </metrics>
  </project>
</coverage>
