{"/Users/sjbowman/Desktop/CIS*4250/PublicMobileInterface/App/Components/DropDown.js": {"path":"/Users/sjbowman/Desktop/CIS*4250/PublicMobileInterface/App/Components/DropDown.js","statementMap":{"0":{"start":{"line":17,"column":4},"end":{"line":17,"column":16}},"1":{"start":{"line":18,"column":4},"end":{"line":20,"column":5}},"2":{"start":{"line":24,"column":18},"end":{"line":24,"column":41}},"3":{"start":{"line":25,"column":4},"end":{"line":37,"column":5}},"4":{"start":{"line":26,"column":18},"end":{"line":26,"column":20}},"5":{"start":{"line":28,"column":6},"end":{"line":28,"column":83}},"6":{"start":{"line":30,"column":6},"end":{"line":32,"column":7}},"7":{"start":{"line":31,"column":8},"end":{"line":31,"column":89}},"8":{"start":{"line":34,"column":6},"end":{"line":36,"column":8}},"9":{"start":{"line":41,"column":4},"end":{"line":48,"column":5}},"10":{"start":{"line":54,"column":0},"end":{"line":58,"column":1}}},"fnMap":{"0":{"name":"(anonymous_0)","decl":{"start":{"line":16,"column":2},"end":{"line":16,"column":3}},"loc":{"start":{"line":16,"column":22},"end":{"line":21,"column":3}}},"1":{"name":"(anonymous_1)","decl":{"start":{"line":23,"column":2},"end":{"line":23,"column":3}},"loc":{"start":{"line":23,"column":40},"end":{"line":38,"column":3}}},"2":{"name":"(anonymous_2)","decl":{"start":{"line":40,"column":2},"end":{"line":40,"column":3}},"loc":{"start":{"line":40,"column":12},"end":{"line":49,"column":3}}}},"branchMap":{"0":{"loc":{"start":{"line":25,"column":4},"end":{"line":37,"column":5}},"type":"if","locations":[{"start":{"line":25,"column":4},"end":{"line":37,"column":5}},{"start":{"line":25,"column":4},"end":{"line":37,"column":5}}]}},"s":{"0":2,"1":2,"2":0,"3":0,"4":0,"5":0,"6":0,"7":0,"8":0,"9":2,"10":1},"f":{"0":2,"1":0,"2":2},"b":{"0":[0,0]},"_coverageSchema":"332fd63041d2c1bcb487cc26dd0d5f7d97098a6c","hash":"4743d636cd7be194e21619eceda9030a9f47ea46"}
,"/Users/sjbowman/Desktop/CIS*4250/PublicMobileInterface/App/Components/RoundedButton.js": {"path":"/Users/sjbowman/Desktop/CIS*4250/PublicMobileInterface/App/Components/RoundedButton.js","statementMap":{"0":{"start":{"line":7,"column":0},"end":{"line":12,"column":1}},"1":{"start":{"line":8,"column":2},"end":{"line":11,"column":4}},"2":{"start":{"line":10,"column":19},"end":{"line":10,"column":58}},"3":{"start":{"line":17,"column":23},"end":{"line":17,"column":72}},"4":{"start":{"line":18,"column":4},"end":{"line":18,"column":35}},"5":{"start":{"line":22,"column":4},"end":{"line":26,"column":5}},"6":{"start":{"line":30,"column":0},"end":{"line":35,"column":1}}},"fnMap":{"0":{"name":"(anonymous_0)","decl":{"start":{"line":7,"column":39},"end":{"line":7,"column":40}},"loc":{"start":{"line":8,"column":2},"end":{"line":11,"column":4}}},"1":{"name":"(anonymous_1)","decl":{"start":{"line":10,"column":13},"end":{"line":10,"column":14}},"loc":{"start":{"line":10,"column":19},"end":{"line":10,"column":58}}},"2":{"name":"(anonymous_2)","decl":{"start":{"line":16,"column":2},"end":{"line":16,"column":3}},"loc":{"start":{"line":16,"column":13},"end":{"line":19,"column":3}}},"3":{"name":"(anonymous_3)","decl":{"start":{"line":21,"column":2},"end":{"line":21,"column":3}},"loc":{"start":{"line":21,"column":12},"end":{"line":27,"column":3}}}},"branchMap":{"0":{"loc":{"start":{"line":17,"column":23},"end":{"line":17,"column":72}},"type":"binary-expr","locations":[{"start":{"line":17,"column":23},"end":{"line":17,"column":38}},{"start":{"line":17,"column":42},"end":{"line":17,"column":72}}]}},"s":{"0":3,"1":0,"2":0,"3":3,"4":3,"5":3,"6":3},"f":{"0":0,"1":0,"2":3,"3":3},"b":{"0":[3,3]},"_coverageSchema":"332fd63041d2c1bcb487cc26dd0d5f7d97098a6c","hash":"7f80defb36580adcdda8535221f9527119ea105d"}
,"/Users/sjbowman/Desktop/CIS*4250/PublicMobileInterface/App/Components/Styles/DropDownStyle.js": {"path":"/Users/sjbowman/Desktop/CIS*4250/PublicMobileInterface/App/Components/Styles/DropDownStyle.js","statementMap":{},"fnMap":{},"branchMap":{},"s":{},"f":{},"b":{},"_coverageSchema":"332fd63041d2c1bcb487cc26dd0d5f7d97098a6c","hash":"a3880157d5d0ba0d3e211275f17e439b51dadec4"}
,"/Users/sjbowman/Desktop/CIS*4250/PublicMobileInterface/App/Components/Styles/RoundedButtonStyle.js": {"path":"/Users/sjbowman/Desktop/CIS*4250/PublicMobileInterface/App/Components/Styles/RoundedButtonStyle.js","statementMap":{},"fnMap":{},"branchMap":{},"s":{},"f":{},"b":{},"_coverageSchema":"332fd63041d2c1bcb487cc26dd0d5f7d97098a6c","hash":"08f5e93907c3e1f766eebee3f9d81a45926387b1"}
,"/Users/sjbowman/Desktop/CIS*4250/PublicMobileInterface/App/Config/DebugSettings.js": {"path":"/Users/sjbowman/Desktop/CIS*4250/PublicMobileInterface/App/Config/DebugSettings.js","statementMap":{"0":{"start":{"line":1,"column":17},"end":{"line":7,"column":1}}},"fnMap":{},"branchMap":{},"s":{"0":3},"f":{},"b":{},"_coverageSchema":"332fd63041d2c1bcb487cc26dd0d5f7d97098a6c","hash":"b35c157373a945261624b8ca4ca63fe46714e4d7"}
,"/Users/sjbowman/Desktop/CIS*4250/PublicMobileInterface/App/Containers/AddCat.js": {"path":"/Users/sjbowman/Desktop/CIS*4250/PublicMobileInterface/App/Containers/AddCat.js","statementMap":{"0":{"start":{"line":12,"column":11},"end":{"line":15,"column":2}},"1":{"start":{"line":20,"column":4},"end":{"line":20,"column":16}},"2":{"start":{"line":21,"column":4},"end":{"line":31,"column":5}},"3":{"start":{"line":36,"column":15},"end":{"line":36,"column":19}},"4":{"start":{"line":39,"column":4},"end":{"line":49,"column":42}},"5":{"start":{"line":41,"column":18},"end":{"line":41,"column":38}},"6":{"start":{"line":42,"column":23},"end":{"line":44,"column":7}},"7":{"start":{"line":45,"column":6},"end":{"line":47,"column":8}},"8":{"start":{"line":49,"column":22},"end":{"line":49,"column":41}},"9":{"start":{"line":52,"column":4},"end":{"line":62,"column":42}},"10":{"start":{"line":54,"column":18},"end":{"line":54,"column":39}},"11":{"start":{"line":55,"column":23},"end":{"line":57,"column":7}},"12":{"start":{"line":58,"column":6},"end":{"line":60,"column":8}},"13":{"start":{"line":62,"column":22},"end":{"line":62,"column":41}},"14":{"start":{"line":66,"column":18},"end":{"line":74,"column":5}},"15":{"start":{"line":76,"column":4},"end":{"line":77,"column":68}},"16":{"start":{"line":77,"column":24},"end":{"line":77,"column":67}},"17":{"start":{"line":81,"column":4},"end":{"line":83,"column":6}},"18":{"start":{"line":87,"column":4},"end":{"line":89,"column":6}},"19":{"start":{"line":93,"column":4},"end":{"line":95,"column":6}},"20":{"start":{"line":99,"column":4},"end":{"line":101,"column":6}},"21":{"start":{"line":105,"column":4},"end":{"line":107,"column":6}},"22":{"start":{"line":111,"column":4},"end":{"line":113,"column":6}},"23":{"start":{"line":117,"column":4},"end":{"line":119,"column":6}},"24":{"start":{"line":123,"column":4},"end":{"line":158,"column":5}}},"fnMap":{"0":{"name":"(anonymous_0)","decl":{"start":{"line":19,"column":2},"end":{"line":19,"column":3}},"loc":{"start":{"line":19,"column":22},"end":{"line":32,"column":3}}},"1":{"name":"(anonymous_1)","decl":{"start":{"line":34,"column":2},"end":{"line":34,"column":3}},"loc":{"start":{"line":34,"column":24},"end":{"line":63,"column":3}}},"2":{"name":"(anonymous_2)","decl":{"start":{"line":40,"column":10},"end":{"line":40,"column":11}},"loc":{"start":{"line":40,"column":30},"end":{"line":48,"column":5}}},"3":{"name":"(anonymous_3)","decl":{"start":{"line":49,"column":11},"end":{"line":49,"column":12}},"loc":{"start":{"line":49,"column":22},"end":{"line":49,"column":41}}},"4":{"name":"(anonymous_4)","decl":{"start":{"line":53,"column":10},"end":{"line":53,"column":11}},"loc":{"start":{"line":53,"column":30},"end":{"line":61,"column":5}}},"5":{"name":"(anonymous_5)","decl":{"start":{"line":62,"column":11},"end":{"line":62,"column":12}},"loc":{"start":{"line":62,"column":22},"end":{"line":62,"column":41}}},"6":{"name":"(anonymous_6)","decl":{"start":{"line":65,"column":2},"end":{"line":65,"column":3}},"loc":{"start":{"line":65,"column":17},"end":{"line":78,"column":3}}},"7":{"name":"(anonymous_7)","decl":{"start":{"line":77,"column":10},"end":{"line":77,"column":11}},"loc":{"start":{"line":77,"column":24},"end":{"line":77,"column":67}}},"8":{"name":"(anonymous_8)","decl":{"start":{"line":80,"column":2},"end":{"line":80,"column":3}},"loc":{"start":{"line":80,"column":21},"end":{"line":84,"column":3}}},"9":{"name":"(anonymous_9)","decl":{"start":{"line":86,"column":2},"end":{"line":86,"column":3}},"loc":{"start":{"line":86,"column":22},"end":{"line":90,"column":3}}},"10":{"name":"(anonymous_10)","decl":{"start":{"line":92,"column":2},"end":{"line":92,"column":3}},"loc":{"start":{"line":92,"column":23},"end":{"line":96,"column":3}}},"11":{"name":"(anonymous_11)","decl":{"start":{"line":98,"column":2},"end":{"line":98,"column":3}},"loc":{"start":{"line":98,"column":28},"end":{"line":102,"column":3}}},"12":{"name":"(anonymous_12)","decl":{"start":{"line":104,"column":2},"end":{"line":104,"column":3}},"loc":{"start":{"line":104,"column":23},"end":{"line":108,"column":3}}},"13":{"name":"(anonymous_13)","decl":{"start":{"line":110,"column":2},"end":{"line":110,"column":3}},"loc":{"start":{"line":110,"column":23},"end":{"line":114,"column":3}}},"14":{"name":"(anonymous_14)","decl":{"start":{"line":116,"column":2},"end":{"line":116,"column":3}},"loc":{"start":{"line":116,"column":23},"end":{"line":120,"column":3}}},"15":{"name":"(anonymous_15)","decl":{"start":{"line":122,"column":2},"end":{"line":122,"column":3}},"loc":{"start":{"line":122,"column":12},"end":{"line":159,"column":3}}}},"branchMap":{},"s":{"0":1,"1":1,"2":1,"3":1,"4":1,"5":0,"6":0,"7":0,"8":0,"9":1,"10":0,"11":0,"12":0,"13":0,"14":0,"15":0,"16":0,"17":0,"18":0,"19":0,"20":0,"21":0,"22":0,"23":0,"24":1},"f":{"0":1,"1":1,"2":0,"3":0,"4":0,"5":0,"6":0,"7":0,"8":0,"9":0,"10":0,"11":0,"12":0,"13":0,"14":0,"15":1},"b":{},"_coverageSchema":"332fd63041d2c1bcb487cc26dd0d5f7d97098a6c","hash":"070d29bdca108ccd12e7d158b96987b135f204ea"}
,"/Users/sjbowman/Desktop/CIS*4250/PublicMobileInterface/App/Containers/SignIn.js": {"path":"/Users/sjbowman/Desktop/CIS*4250/PublicMobileInterface/App/Containers/SignIn.js","statementMap":{"0":{"start":{"line":11,"column":11},"end":{"line":14,"column":2}},"1":{"start":{"line":19,"column":4},"end":{"line":19,"column":16}},"2":{"start":{"line":20,"column":4},"end":{"line":23,"column":5}},"3":{"start":{"line":27,"column":4},"end":{"line":30,"column":5}},"4":{"start":{"line":28,"column":6},"end":{"line":28,"column":87}},"5":{"start":{"line":29,"column":6},"end":{"line":29,"column":12}},"6":{"start":{"line":32,"column":18},"end":{"line":35,"column":5}},"7":{"start":{"line":36,"column":4},"end":{"line":36,"column":99}},"8":{"start":{"line":36,"column":55},"end":{"line":36,"column":98}},"9":{"start":{"line":40,"column":4},"end":{"line":42,"column":6}},"10":{"start":{"line":46,"column":4},"end":{"line":48,"column":6}},"11":{"start":{"line":52,"column":4},"end":{"line":52,"column":32}},"12":{"start":{"line":56,"column":4},"end":{"line":79,"column":5}},"13":{"start":{"line":65,"column":56},"end":{"line":65,"column":80}}},"fnMap":{"0":{"name":"(anonymous_0)","decl":{"start":{"line":18,"column":2},"end":{"line":18,"column":3}},"loc":{"start":{"line":18,"column":22},"end":{"line":24,"column":3}}},"1":{"name":"(anonymous_1)","decl":{"start":{"line":26,"column":2},"end":{"line":26,"column":3}},"loc":{"start":{"line":26,"column":16},"end":{"line":37,"column":3}}},"2":{"name":"(anonymous_2)","decl":{"start":{"line":36,"column":41},"end":{"line":36,"column":42}},"loc":{"start":{"line":36,"column":55},"end":{"line":36,"column":98}}},"3":{"name":"(anonymous_3)","decl":{"start":{"line":39,"column":2},"end":{"line":39,"column":3}},"loc":{"start":{"line":39,"column":22},"end":{"line":43,"column":3}}},"4":{"name":"(anonymous_4)","decl":{"start":{"line":45,"column":2},"end":{"line":45,"column":3}},"loc":{"start":{"line":45,"column":25},"end":{"line":49,"column":3}}},"5":{"name":"(anonymous_5)","decl":{"start":{"line":51,"column":19},"end":{"line":51,"column":20}},"loc":{"start":{"line":51,"column":34},"end":{"line":53,"column":3}}},"6":{"name":"(anonymous_6)","decl":{"start":{"line":55,"column":2},"end":{"line":55,"column":3}},"loc":{"start":{"line":55,"column":12},"end":{"line":80,"column":3}}},"7":{"name":"(anonymous_7)","decl":{"start":{"line":65,"column":50},"end":{"line":65,"column":51}},"loc":{"start":{"line":65,"column":56},"end":{"line":65,"column":80}}}},"branchMap":{"0":{"loc":{"start":{"line":27,"column":4},"end":{"line":30,"column":5}},"type":"if","locations":[{"start":{"line":27,"column":4},"end":{"line":30,"column":5}},{"start":{"line":27,"column":4},"end":{"line":30,"column":5}}]},"1":{"loc":{"start":{"line":27,"column":8},"end":{"line":27,"column":61}},"type":"binary-expr","locations":[{"start":{"line":27,"column":8},"end":{"line":27,"column":31}},{"start":{"line":27,"column":35},"end":{"line":27,"column":61}}]}},"s":{"0":1,"1":1,"2":1,"3":0,"4":0,"5":0,"6":0,"7":0,"8":0,"9":0,"10":0,"11":0,"12":1,"13":0},"f":{"0":1,"1":0,"2":0,"3":0,"4":0,"5":0,"6":1,"7":0},"b":{"0":[0,0],"1":[0,0]},"_coverageSchema":"332fd63041d2c1bcb487cc26dd0d5f7d97098a6c","hash":"0d0c63efa5c1c1b40fd7fa19e50650750dfc0999"}
,"/Users/sjbowman/Desktop/CIS*4250/PublicMobileInterface/App/Containers/SignUp.js": {"path":"/Users/sjbowman/Desktop/CIS*4250/PublicMobileInterface/App/Containers/SignUp.js","statementMap":{"0":{"start":{"line":11,"column":11},"end":{"line":14,"column":2}},"1":{"start":{"line":19,"column":4},"end":{"line":19,"column":16}},"2":{"start":{"line":20,"column":4},"end":{"line":26,"column":5}},"3":{"start":{"line":30,"column":4},"end":{"line":33,"column":5}},"4":{"start":{"line":31,"column":6},"end":{"line":31,"column":87}},"5":{"start":{"line":32,"column":6},"end":{"line":32,"column":12}},"6":{"start":{"line":35,"column":18},"end":{"line":47,"column":5}},"7":{"start":{"line":49,"column":4},"end":{"line":50,"column":68}},"8":{"start":{"line":50,"column":24},"end":{"line":50,"column":67}},"9":{"start":{"line":54,"column":4},"end":{"line":56,"column":6}},"10":{"start":{"line":60,"column":4},"end":{"line":62,"column":6}},"11":{"start":{"line":66,"column":4},"end":{"line":68,"column":6}},"12":{"start":{"line":72,"column":4},"end":{"line":74,"column":6}},"13":{"start":{"line":78,"column":4},"end":{"line":80,"column":6}},"14":{"start":{"line":84,"column":4},"end":{"line":84,"column":32}},"15":{"start":{"line":88,"column":4},"end":{"line":120,"column":5}},"16":{"start":{"line":97,"column":56},"end":{"line":97,"column":80}},"17":{"start":{"line":100,"column":56},"end":{"line":100,"column":80}},"18":{"start":{"line":103,"column":56},"end":{"line":103,"column":80}},"19":{"start":{"line":106,"column":56},"end":{"line":106,"column":80}}},"fnMap":{"0":{"name":"(anonymous_0)","decl":{"start":{"line":18,"column":2},"end":{"line":18,"column":3}},"loc":{"start":{"line":18,"column":22},"end":{"line":27,"column":3}}},"1":{"name":"(anonymous_1)","decl":{"start":{"line":29,"column":2},"end":{"line":29,"column":3}},"loc":{"start":{"line":29,"column":18},"end":{"line":51,"column":3}}},"2":{"name":"(anonymous_2)","decl":{"start":{"line":50,"column":10},"end":{"line":50,"column":11}},"loc":{"start":{"line":50,"column":24},"end":{"line":50,"column":67}}},"3":{"name":"(anonymous_3)","decl":{"start":{"line":53,"column":2},"end":{"line":53,"column":3}},"loc":{"start":{"line":53,"column":22},"end":{"line":57,"column":3}}},"4":{"name":"(anonymous_4)","decl":{"start":{"line":59,"column":2},"end":{"line":59,"column":3}},"loc":{"start":{"line":59,"column":22},"end":{"line":63,"column":3}}},"5":{"name":"(anonymous_5)","decl":{"start":{"line":65,"column":2},"end":{"line":65,"column":3}},"loc":{"start":{"line":65,"column":22},"end":{"line":69,"column":3}}},"6":{"name":"(anonymous_6)","decl":{"start":{"line":71,"column":2},"end":{"line":71,"column":3}},"loc":{"start":{"line":71,"column":25},"end":{"line":75,"column":3}}},"7":{"name":"(anonymous_7)","decl":{"start":{"line":77,"column":2},"end":{"line":77,"column":3}},"loc":{"start":{"line":77,"column":24},"end":{"line":81,"column":3}}},"8":{"name":"(anonymous_8)","decl":{"start":{"line":83,"column":19},"end":{"line":83,"column":20}},"loc":{"start":{"line":83,"column":34},"end":{"line":85,"column":3}}},"9":{"name":"(anonymous_9)","decl":{"start":{"line":87,"column":2},"end":{"line":87,"column":3}},"loc":{"start":{"line":87,"column":12},"end":{"line":121,"column":3}}},"10":{"name":"(anonymous_10)","decl":{"start":{"line":97,"column":50},"end":{"line":97,"column":51}},"loc":{"start":{"line":97,"column":56},"end":{"line":97,"column":80}}},"11":{"name":"(anonymous_11)","decl":{"start":{"line":100,"column":50},"end":{"line":100,"column":51}},"loc":{"start":{"line":100,"column":56},"end":{"line":100,"column":80}}},"12":{"name":"(anonymous_12)","decl":{"start":{"line":103,"column":50},"end":{"line":103,"column":51}},"loc":{"start":{"line":103,"column":56},"end":{"line":103,"column":80}}},"13":{"name":"(anonymous_13)","decl":{"start":{"line":106,"column":50},"end":{"line":106,"column":51}},"loc":{"start":{"line":106,"column":56},"end":{"line":106,"column":80}}}},"branchMap":{"0":{"loc":{"start":{"line":30,"column":4},"end":{"line":33,"column":5}},"type":"if","locations":[{"start":{"line":30,"column":4},"end":{"line":33,"column":5}},{"start":{"line":30,"column":4},"end":{"line":33,"column":5}}]},"1":{"loc":{"start":{"line":30,"column":8},"end":{"line":30,"column":144}},"type":"binary-expr","locations":[{"start":{"line":30,"column":8},"end":{"line":30,"column":31}},{"start":{"line":30,"column":35},"end":{"line":30,"column":61}},{"start":{"line":30,"column":65},"end":{"line":30,"column":88}},{"start":{"line":30,"column":92},"end":{"line":30,"column":115}},{"start":{"line":30,"column":119},"end":{"line":30,"column":144}}]}},"s":{"0":1,"1":1,"2":1,"3":0,"4":0,"5":0,"6":0,"7":0,"8":0,"9":0,"10":0,"11":0,"12":0,"13":0,"14":0,"15":1,"16":0,"17":0,"18":0,"19":0},"f":{"0":1,"1":0,"2":0,"3":0,"4":0,"5":0,"6":0,"7":0,"8":0,"9":1,"10":0,"11":0,"12":0,"13":0},"b":{"0":[0,0],"1":[0,0,0,0,0]},"_coverageSchema":"332fd63041d2c1bcb487cc26dd0d5f7d97098a6c","hash":"78f4a68c675890af69d47bffd150173e990de6fa"}
,"/Users/sjbowman/Desktop/CIS*4250/PublicMobileInterface/App/Containers/Styles/PresentationScreenStyle.js": {"path":"/Users/sjbowman/Desktop/CIS*4250/PublicMobileInterface/App/Containers/Styles/PresentationScreenStyle.js","statementMap":{},"fnMap":{},"branchMap":{},"s":{},"f":{},"b":{},"_coverageSchema":"332fd63041d2c1bcb487cc26dd0d5f7d97098a6c","hash":"ae92ec27e1092a6daf0a8c691b5aaf80cbc8b553"}
,"/Users/sjbowman/Desktop/CIS*4250/PublicMobileInterface/App/Services/ExamplesRegistry.js": {"path":"/Users/sjbowman/Desktop/CIS*4250/PublicMobileInterface/App/Services/ExamplesRegistry.js","statementMap":{"0":{"start":{"line":6,"column":29},"end":{"line":6,"column":31}},"1":{"start":{"line":8,"column":26},"end":{"line":8,"column":126}},"2":{"start":{"line":8,"column":46},"end":{"line":8,"column":124}},"3":{"start":{"line":8,"column":81},"end":{"line":8,"column":124}},"4":{"start":{"line":10,"column":22},"end":{"line":19,"column":1}},"5":{"start":{"line":11,"column":2},"end":{"line":18,"column":3}},"6":{"start":{"line":21,"column":30},"end":{"line":21,"column":80}},"7":{"start":{"line":21,"column":36},"end":{"line":21,"column":80}}},"fnMap":{"0":{"name":"(anonymous_0)","decl":{"start":{"line":8,"column":26},"end":{"line":8,"column":27}},"loc":{"start":{"line":8,"column":44},"end":{"line":8,"column":126}}},"1":{"name":"(anonymous_1)","decl":{"start":{"line":10,"column":22},"end":{"line":10,"column":23}},"loc":{"start":{"line":10,"column":35},"end":{"line":19,"column":1}}},"2":{"name":"(anonymous_2)","decl":{"start":{"line":21,"column":30},"end":{"line":21,"column":31}},"loc":{"start":{"line":21,"column":36},"end":{"line":21,"column":80}}}},"branchMap":{"0":{"loc":{"start":{"line":8,"column":46},"end":{"line":8,"column":124}},"type":"if","locations":[{"start":{"line":8,"column":46},"end":{"line":8,"column":124}},{"start":{"line":8,"column":46},"end":{"line":8,"column":124}}]}},"s":{"0":3,"1":3,"2":3,"3":3,"4":3,"5":0,"6":3,"7":0},"f":{"0":3,"1":0,"2":0},"b":{"0":[3,0]},"_coverageSchema":"332fd63041d2c1bcb487cc26dd0d5f7d97098a6c","hash":"317fcbf4adde89058448f53e421dd8bba5020ccf"}
,"/Users/sjbowman/Desktop/CIS*4250/PublicMobileInterface/App/Themes/ApplicationStyles.js": {"path":"/Users/sjbowman/Desktop/CIS*4250/PublicMobileInterface/App/Themes/ApplicationStyles.js","statementMap":{"0":{"start":{"line":8,"column":26},"end":{"line":101,"column":1}}},"fnMap":{},"branchMap":{},"s":{"0":3},"f":{},"b":{},"_coverageSchema":"332fd63041d2c1bcb487cc26dd0d5f7d97098a6c","hash":"5b1d96de4c79ab655573c2546972a62454fc3ddb"}
,"/Users/sjbowman/Desktop/CIS*4250/PublicMobileInterface/App/Themes/Colors.js": {"path":"/Users/sjbowman/Desktop/CIS*4250/PublicMobileInterface/App/Themes/Colors.js","statementMap":{"0":{"start":{"line":1,"column":15},"end":{"line":21,"column":1}}},"fnMap":{},"branchMap":{},"s":{"0":3},"f":{},"b":{},"_coverageSchema":"332fd63041d2c1bcb487cc26dd0d5f7d97098a6c","hash":"7a6329ad6546c6a5bf129bcdf55735921ced9707"}
,"/Users/sjbowman/Desktop/CIS*4250/PublicMobileInterface/App/Themes/Fonts.js": {"path":"/Users/sjbowman/Desktop/CIS*4250/PublicMobileInterface/App/Themes/Fonts.js","statementMap":{"0":{"start":{"line":1,"column":13},"end":{"line":5,"column":1}},"1":{"start":{"line":7,"column":13},"end":{"line":19,"column":1}},"2":{"start":{"line":21,"column":14},"end":{"line":54,"column":1}}},"fnMap":{},"branchMap":{},"s":{"0":3,"1":3,"2":3},"f":{},"b":{},"_coverageSchema":"332fd63041d2c1bcb487cc26dd0d5f7d97098a6c","hash":"821bd248b841dce341b78d91bbc21b25f1debe3c"}
,"/Users/sjbowman/Desktop/CIS*4250/PublicMobileInterface/App/Themes/Images.js": {"path":"/Users/sjbowman/Desktop/CIS*4250/PublicMobileInterface/App/Themes/Images.js","statementMap":{"0":{"start":{"line":2,"column":15},"end":{"line":8,"column":1}}},"fnMap":{},"branchMap":{},"s":{"0":3},"f":{},"b":{},"_coverageSchema":"332fd63041d2c1bcb487cc26dd0d5f7d97098a6c","hash":"0efefd87b1e020f22faf8812c0d81d7867145b05"}
,"/Users/sjbowman/Desktop/CIS*4250/PublicMobileInterface/App/Themes/Metrics.js": {"path":"/Users/sjbowman/Desktop/CIS*4250/PublicMobileInterface/App/Themes/Metrics.js","statementMap":{"0":{"start":{"line":3,"column":26},"end":{"line":3,"column":50}},"1":{"start":{"line":6,"column":16},"end":{"line":31,"column":1}}},"fnMap":{},"branchMap":{"0":{"loc":{"start":{"line":14,"column":15},"end":{"line":14,"column":46}},"type":"cond-expr","locations":[{"start":{"line":14,"column":32},"end":{"line":14,"column":37}},{"start":{"line":14,"column":40},"end":{"line":14,"column":46}}]},"1":{"loc":{"start":{"line":15,"column":16},"end":{"line":15,"column":47}},"type":"cond-expr","locations":[{"start":{"line":15,"column":33},"end":{"line":15,"column":39}},{"start":{"line":15,"column":42},"end":{"line":15,"column":47}}]},"2":{"loc":{"start":{"line":16,"column":16},"end":{"line":16,"column":49}},"type":"cond-expr","locations":[{"start":{"line":16,"column":42},"end":{"line":16,"column":44}},{"start":{"line":16,"column":47},"end":{"line":16,"column":49}}]}},"s":{"0":3,"1":3},"f":{},"b":{"0":[3,0],"1":[3,0],"2":[3,0]},"_coverageSchema":"332fd63041d2c1bcb487cc26dd0d5f7d97098a6c","hash":"331da6c165ae399a8205b48313a7e9f263ff87cc"}
,"/Users/sjbowman/Desktop/CIS*4250/PublicMobileInterface/App/Themes/index.js": {"path":"/Users/sjbowman/Desktop/CIS*4250/PublicMobileInterface/App/Themes/index.js","statementMap":{},"fnMap":{},"branchMap":{},"s":{},"f":{},"b":{},"_coverageSchema":"332fd63041d2c1bcb487cc26dd0d5f7d97098a6c","hash":"b50906dcd2c037e68207d26c262b4efa4d32b511"}
}
