{"/Users/sjbowman/Desktop/CIS*4250/PublicMobileInterface/App/Components/CatCard.js": {"path":"/Users/sjbowman/Desktop/CIS*4250/PublicMobileInterface/App/Components/CatCard.js","statementMap":{"0":{"start":{"line":8,"column":4},"end":{"line":8,"column":16}},"1":{"start":{"line":9,"column":4},"end":{"line":14,"column":5}},"2":{"start":{"line":18,"column":18},"end":{"line":18,"column":41}},"3":{"start":{"line":19,"column":4},"end":{"line":24,"column":6}},"4":{"start":{"line":28,"column":4},"end":{"line":28,"column":40}},"5":{"start":{"line":32,"column":4},"end":{"line":45,"column":5}},"6":{"start":{"line":51,"column":0},"end":{"line":54,"column":1}}},"fnMap":{"0":{"name":"(anonymous_0)","decl":{"start":{"line":7,"column":2},"end":{"line":7,"column":3}},"loc":{"start":{"line":7,"column":22},"end":{"line":15,"column":3}}},"1":{"name":"(anonymous_1)","decl":{"start":{"line":17,"column":2},"end":{"line":17,"column":3}},"loc":{"start":{"line":17,"column":23},"end":{"line":25,"column":3}}},"2":{"name":"(anonymous_2)","decl":{"start":{"line":27,"column":2},"end":{"line":27,"column":3}},"loc":{"start":{"line":27,"column":15},"end":{"line":29,"column":3}}},"3":{"name":"(anonymous_3)","decl":{"start":{"line":31,"column":2},"end":{"line":31,"column":3}},"loc":{"start":{"line":31,"column":12},"end":{"line":46,"column":3}}}},"branchMap":{},"s":{"0":0,"1":0,"2":0,"3":0,"4":0,"5":0,"6":1},"f":{"0":0,"1":0,"2":0,"3":0},"b":{},"_coverageSchema":"332fd63041d2c1bcb487cc26dd0d5f7d97098a6c","hash":"2fbaac9db3e64026b6244ce6ae1474cf709588d0"}
,"/Users/sjbowman/Desktop/CIS*4250/PublicMobileInterface/App/Components/DrawerButton.js": {"path":"/Users/sjbowman/Desktop/CIS*4250/PublicMobileInterface/App/Components/DrawerButton.js","statementMap":{"0":{"start":{"line":8,"column":0},"end":{"line":13,"column":1}},"1":{"start":{"line":9,"column":2},"end":{"line":12,"column":4}},"2":{"start":{"line":11,"column":19},"end":{"line":11,"column":59}},"3":{"start":{"line":17,"column":4},"end":{"line":21,"column":5}},"4":{"start":{"line":25,"column":0},"end":{"line":28,"column":1}}},"fnMap":{"0":{"name":"(anonymous_0)","decl":{"start":{"line":8,"column":38},"end":{"line":8,"column":39}},"loc":{"start":{"line":9,"column":2},"end":{"line":12,"column":4}}},"1":{"name":"(anonymous_1)","decl":{"start":{"line":11,"column":13},"end":{"line":11,"column":14}},"loc":{"start":{"line":11,"column":19},"end":{"line":11,"column":59}}},"2":{"name":"(anonymous_2)","decl":{"start":{"line":16,"column":2},"end":{"line":16,"column":3}},"loc":{"start":{"line":16,"column":12},"end":{"line":22,"column":3}}}},"branchMap":{},"s":{"0":1,"1":0,"2":0,"3":4,"4":1},"f":{"0":0,"1":0,"2":4},"b":{},"_coverageSchema":"332fd63041d2c1bcb487cc26dd0d5f7d97098a6c","hash":"1d7c5a06253d5c4b413191796f397a1f440169d6"}
,"/Users/sjbowman/Desktop/CIS*4250/PublicMobileInterface/App/Components/DropDown.js": {"path":"/Users/sjbowman/Desktop/CIS*4250/PublicMobileInterface/App/Components/DropDown.js","statementMap":{"0":{"start":{"line":17,"column":4},"end":{"line":17,"column":16}},"1":{"start":{"line":18,"column":4},"end":{"line":20,"column":5}},"2":{"start":{"line":24,"column":18},"end":{"line":24,"column":41}},"3":{"start":{"line":25,"column":4},"end":{"line":37,"column":5}},"4":{"start":{"line":26,"column":18},"end":{"line":26,"column":20}},"5":{"start":{"line":28,"column":6},"end":{"line":28,"column":83}},"6":{"start":{"line":30,"column":6},"end":{"line":32,"column":7}},"7":{"start":{"line":31,"column":8},"end":{"line":31,"column":89}},"8":{"start":{"line":34,"column":6},"end":{"line":36,"column":8}},"9":{"start":{"line":41,"column":4},"end":{"line":59,"column":5}},"10":{"start":{"line":42,"column":6},"end":{"line":49,"column":7}},"11":{"start":{"line":51,"column":6},"end":{"line":58,"column":7}},"12":{"start":{"line":65,"column":0},"end":{"line":69,"column":1}}},"fnMap":{"0":{"name":"(anonymous_0)","decl":{"start":{"line":16,"column":2},"end":{"line":16,"column":3}},"loc":{"start":{"line":16,"column":22},"end":{"line":21,"column":3}}},"1":{"name":"(anonymous_1)","decl":{"start":{"line":23,"column":2},"end":{"line":23,"column":3}},"loc":{"start":{"line":23,"column":40},"end":{"line":38,"column":3}}},"2":{"name":"(anonymous_2)","decl":{"start":{"line":40,"column":2},"end":{"line":40,"column":3}},"loc":{"start":{"line":40,"column":12},"end":{"line":60,"column":3}}}},"branchMap":{"0":{"loc":{"start":{"line":25,"column":4},"end":{"line":37,"column":5}},"type":"if","locations":[{"start":{"line":25,"column":4},"end":{"line":37,"column":5}},{"start":{"line":25,"column":4},"end":{"line":37,"column":5}}]},"1":{"loc":{"start":{"line":41,"column":4},"end":{"line":59,"column":5}},"type":"if","locations":[{"start":{"line":41,"column":4},"end":{"line":59,"column":5}},{"start":{"line":41,"column":4},"end":{"line":59,"column":5}}]}},"s":{"0":2,"1":2,"2":0,"3":0,"4":0,"5":0,"6":0,"7":0,"8":0,"9":2,"10":2,"11":0,"12":1},"f":{"0":2,"1":0,"2":2},"b":{"0":[0,0],"1":[2,0]},"_coverageSchema":"332fd63041d2c1bcb487cc26dd0d5f7d97098a6c","hash":"5b10d22479c7477742f8ca99cb035351556c19f6"}
,"/Users/sjbowman/Desktop/CIS*4250/PublicMobileInterface/App/Components/NumericalSlider.js": {"path":"/Users/sjbowman/Desktop/CIS*4250/PublicMobileInterface/App/Components/NumericalSlider.js","statementMap":{"0":{"start":{"line":9,"column":4},"end":{"line":9,"column":16}},"1":{"start":{"line":10,"column":4},"end":{"line":12,"column":5}},"2":{"start":{"line":16,"column":4},"end":{"line":18,"column":6}},"3":{"start":{"line":22,"column":4},"end":{"line":22,"column":46}},"4":{"start":{"line":26,"column":4},"end":{"line":28,"column":6}},"5":{"start":{"line":32,"column":4},"end":{"line":42,"column":5}},"6":{"start":{"line":48,"column":0},"end":{"line":55,"column":1}}},"fnMap":{"0":{"name":"(anonymous_0)","decl":{"start":{"line":8,"column":2},"end":{"line":8,"column":3}},"loc":{"start":{"line":8,"column":22},"end":{"line":13,"column":3}}},"1":{"name":"(anonymous_1)","decl":{"start":{"line":15,"column":2},"end":{"line":15,"column":3}},"loc":{"start":{"line":15,"column":23},"end":{"line":19,"column":3}}},"2":{"name":"(anonymous_2)","decl":{"start":{"line":21,"column":2},"end":{"line":21,"column":3}},"loc":{"start":{"line":21,"column":17},"end":{"line":23,"column":3}}},"3":{"name":"(anonymous_3)","decl":{"start":{"line":25,"column":2},"end":{"line":25,"column":3}},"loc":{"start":{"line":25,"column":23},"end":{"line":29,"column":3}}},"4":{"name":"(anonymous_4)","decl":{"start":{"line":31,"column":2},"end":{"line":31,"column":3}},"loc":{"start":{"line":31,"column":12},"end":{"line":43,"column":3}}}},"branchMap":{},"s":{"0":0,"1":0,"2":0,"3":0,"4":0,"5":0,"6":1},"f":{"0":0,"1":0,"2":0,"3":0,"4":0},"b":{},"_coverageSchema":"332fd63041d2c1bcb487cc26dd0d5f7d97098a6c","hash":"4a7f56197eb83f5012809b29c5526de04b4e2e59"}
,"/Users/sjbowman/Desktop/CIS*4250/PublicMobileInterface/App/Components/RoundedButton.js": {"path":"/Users/sjbowman/Desktop/CIS*4250/PublicMobileInterface/App/Components/RoundedButton.js","statementMap":{"0":{"start":{"line":7,"column":0},"end":{"line":12,"column":1}},"1":{"start":{"line":8,"column":2},"end":{"line":11,"column":4}},"2":{"start":{"line":10,"column":19},"end":{"line":10,"column":58}},"3":{"start":{"line":17,"column":23},"end":{"line":17,"column":72}},"4":{"start":{"line":18,"column":4},"end":{"line":18,"column":35}},"5":{"start":{"line":22,"column":4},"end":{"line":26,"column":5}},"6":{"start":{"line":30,"column":0},"end":{"line":35,"column":1}}},"fnMap":{"0":{"name":"(anonymous_0)","decl":{"start":{"line":7,"column":39},"end":{"line":7,"column":40}},"loc":{"start":{"line":8,"column":2},"end":{"line":11,"column":4}}},"1":{"name":"(anonymous_1)","decl":{"start":{"line":10,"column":13},"end":{"line":10,"column":14}},"loc":{"start":{"line":10,"column":19},"end":{"line":10,"column":58}}},"2":{"name":"(anonymous_2)","decl":{"start":{"line":16,"column":2},"end":{"line":16,"column":3}},"loc":{"start":{"line":16,"column":13},"end":{"line":19,"column":3}}},"3":{"name":"(anonymous_3)","decl":{"start":{"line":21,"column":2},"end":{"line":21,"column":3}},"loc":{"start":{"line":21,"column":12},"end":{"line":27,"column":3}}}},"branchMap":{"0":{"loc":{"start":{"line":17,"column":23},"end":{"line":17,"column":72}},"type":"binary-expr","locations":[{"start":{"line":17,"column":23},"end":{"line":17,"column":38}},{"start":{"line":17,"column":42},"end":{"line":17,"column":72}}]}},"s":{"0":6,"1":0,"2":0,"3":13,"4":13,"5":13,"6":6},"f":{"0":0,"1":0,"2":13,"3":13},"b":{"0":[13,13]},"_coverageSchema":"332fd63041d2c1bcb487cc26dd0d5f7d97098a6c","hash":"7f80defb36580adcdda8535221f9527119ea105d"}
,"/Users/sjbowman/Desktop/CIS*4250/PublicMobileInterface/App/Components/Styles/CatCardStyle.js": {"path":"/Users/sjbowman/Desktop/CIS*4250/PublicMobileInterface/App/Components/Styles/CatCardStyle.js","statementMap":{},"fnMap":{},"branchMap":{},"s":{},"f":{},"b":{},"_coverageSchema":"332fd63041d2c1bcb487cc26dd0d5f7d97098a6c","hash":"6ba4bac85220fbf9145a9d4a4f5d05396e8effef"}
,"/Users/sjbowman/Desktop/CIS*4250/PublicMobileInterface/App/Components/Styles/DrawerButtonStyles.js": {"path":"/Users/sjbowman/Desktop/CIS*4250/PublicMobileInterface/App/Components/Styles/DrawerButtonStyles.js","statementMap":{},"fnMap":{},"branchMap":{},"s":{},"f":{},"b":{},"_coverageSchema":"332fd63041d2c1bcb487cc26dd0d5f7d97098a6c","hash":"7372d5a65dba7c5abffd13a983f11fd5cd1f5fdd"}
,"/Users/sjbowman/Desktop/CIS*4250/PublicMobileInterface/App/Components/Styles/DropDownStyle.js": {"path":"/Users/sjbowman/Desktop/CIS*4250/PublicMobileInterface/App/Components/Styles/DropDownStyle.js","statementMap":{},"fnMap":{},"branchMap":{},"s":{},"f":{},"b":{},"_coverageSchema":"332fd63041d2c1bcb487cc26dd0d5f7d97098a6c","hash":"a3880157d5d0ba0d3e211275f17e439b51dadec4"}
,"/Users/sjbowman/Desktop/CIS*4250/PublicMobileInterface/App/Components/Styles/NumericalSliderStyle.js": {"path":"/Users/sjbowman/Desktop/CIS*4250/PublicMobileInterface/App/Components/Styles/NumericalSliderStyle.js","statementMap":{},"fnMap":{},"branchMap":{},"s":{},"f":{},"b":{},"_coverageSchema":"332fd63041d2c1bcb487cc26dd0d5f7d97098a6c","hash":"4469b92d33feaf7ddab6e6174241bd8a2a44031c"}
,"/Users/sjbowman/Desktop/CIS*4250/PublicMobileInterface/App/Components/Styles/RoundedButtonStyle.js": {"path":"/Users/sjbowman/Desktop/CIS*4250/PublicMobileInterface/App/Components/Styles/RoundedButtonStyle.js","statementMap":{},"fnMap":{},"branchMap":{},"s":{},"f":{},"b":{},"_coverageSchema":"332fd63041d2c1bcb487cc26dd0d5f7d97098a6c","hash":"08f5e93907c3e1f766eebee3f9d81a45926387b1"}
,"/Users/sjbowman/Desktop/CIS*4250/PublicMobileInterface/App/Config/DebugSettings.js": {"path":"/Users/sjbowman/Desktop/CIS*4250/PublicMobileInterface/App/Config/DebugSettings.js","statementMap":{"0":{"start":{"line":1,"column":17},"end":{"line":7,"column":1}}},"fnMap":{},"branchMap":{},"s":{"0":7},"f":{},"b":{},"_coverageSchema":"332fd63041d2c1bcb487cc26dd0d5f7d97098a6c","hash":"b35c157373a945261624b8ca4ca63fe46714e4d7"}
,"/Users/sjbowman/Desktop/CIS*4250/PublicMobileInterface/App/Containers/AccountInfo.js": {"path":"/Users/sjbowman/Desktop/CIS*4250/PublicMobileInterface/App/Containers/AccountInfo.js","statementMap":{"0":{"start":{"line":12,"column":4},"end":{"line":12,"column":16}},"1":{"start":{"line":13,"column":4},"end":{"line":20,"column":5}},"2":{"start":{"line":24,"column":4},"end":{"line":53,"column":5}},"3":{"start":{"line":44,"column":165},"end":{"line":44,"column":184}},"4":{"start":{"line":48,"column":40},"end":{"line":48,"column":59}}},"fnMap":{"0":{"name":"(anonymous_0)","decl":{"start":{"line":11,"column":2},"end":{"line":11,"column":3}},"loc":{"start":{"line":11,"column":22},"end":{"line":21,"column":3}}},"1":{"name":"(anonymous_1)","decl":{"start":{"line":23,"column":2},"end":{"line":23,"column":3}},"loc":{"start":{"line":23,"column":12},"end":{"line":54,"column":3}}},"2":{"name":"(anonymous_2)","decl":{"start":{"line":44,"column":159},"end":{"line":44,"column":160}},"loc":{"start":{"line":44,"column":165},"end":{"line":44,"column":184}}},"3":{"name":"(anonymous_3)","decl":{"start":{"line":48,"column":34},"end":{"line":48,"column":35}},"loc":{"start":{"line":48,"column":40},"end":{"line":48,"column":59}}}},"branchMap":{},"s":{"0":1,"1":1,"2":1,"3":0,"4":0},"f":{"0":1,"1":1,"2":0,"3":0},"b":{},"_coverageSchema":"332fd63041d2c1bcb487cc26dd0d5f7d97098a6c","hash":"42fec21ba26c65b794593475ae4618f05f783eb5"}
,"/Users/sjbowman/Desktop/CIS*4250/PublicMobileInterface/App/Containers/AddCat.js": {"path":"/Users/sjbowman/Desktop/CIS*4250/PublicMobileInterface/App/Containers/AddCat.js","statementMap":{"0":{"start":{"line":12,"column":11},"end":{"line":15,"column":2}},"1":{"start":{"line":20,"column":4},"end":{"line":20,"column":16}},"2":{"start":{"line":21,"column":4},"end":{"line":31,"column":5}},"3":{"start":{"line":36,"column":15},"end":{"line":36,"column":19}},"4":{"start":{"line":39,"column":4},"end":{"line":49,"column":42}},"5":{"start":{"line":41,"column":18},"end":{"line":41,"column":38}},"6":{"start":{"line":42,"column":23},"end":{"line":44,"column":7}},"7":{"start":{"line":45,"column":6},"end":{"line":47,"column":8}},"8":{"start":{"line":49,"column":22},"end":{"line":49,"column":41}},"9":{"start":{"line":52,"column":4},"end":{"line":62,"column":42}},"10":{"start":{"line":54,"column":18},"end":{"line":54,"column":39}},"11":{"start":{"line":55,"column":23},"end":{"line":57,"column":7}},"12":{"start":{"line":58,"column":6},"end":{"line":60,"column":8}},"13":{"start":{"line":62,"column":22},"end":{"line":62,"column":41}},"14":{"start":{"line":66,"column":18},"end":{"line":78,"column":5}},"15":{"start":{"line":80,"column":4},"end":{"line":81,"column":68}},"16":{"start":{"line":81,"column":24},"end":{"line":81,"column":67}},"17":{"start":{"line":85,"column":4},"end":{"line":87,"column":6}},"18":{"start":{"line":91,"column":4},"end":{"line":93,"column":6}},"19":{"start":{"line":97,"column":4},"end":{"line":99,"column":6}},"20":{"start":{"line":103,"column":4},"end":{"line":105,"column":6}},"21":{"start":{"line":109,"column":4},"end":{"line":111,"column":6}},"22":{"start":{"line":115,"column":4},"end":{"line":117,"column":6}},"23":{"start":{"line":121,"column":4},"end":{"line":123,"column":6}},"24":{"start":{"line":127,"column":4},"end":{"line":161,"column":5}}},"fnMap":{"0":{"name":"(anonymous_0)","decl":{"start":{"line":19,"column":2},"end":{"line":19,"column":3}},"loc":{"start":{"line":19,"column":22},"end":{"line":32,"column":3}}},"1":{"name":"(anonymous_1)","decl":{"start":{"line":34,"column":2},"end":{"line":34,"column":3}},"loc":{"start":{"line":34,"column":24},"end":{"line":63,"column":3}}},"2":{"name":"(anonymous_2)","decl":{"start":{"line":40,"column":10},"end":{"line":40,"column":11}},"loc":{"start":{"line":40,"column":30},"end":{"line":48,"column":5}}},"3":{"name":"(anonymous_3)","decl":{"start":{"line":49,"column":11},"end":{"line":49,"column":12}},"loc":{"start":{"line":49,"column":22},"end":{"line":49,"column":41}}},"4":{"name":"(anonymous_4)","decl":{"start":{"line":53,"column":10},"end":{"line":53,"column":11}},"loc":{"start":{"line":53,"column":30},"end":{"line":61,"column":5}}},"5":{"name":"(anonymous_5)","decl":{"start":{"line":62,"column":11},"end":{"line":62,"column":12}},"loc":{"start":{"line":62,"column":22},"end":{"line":62,"column":41}}},"6":{"name":"(anonymous_6)","decl":{"start":{"line":65,"column":2},"end":{"line":65,"column":3}},"loc":{"start":{"line":65,"column":17},"end":{"line":82,"column":3}}},"7":{"name":"(anonymous_7)","decl":{"start":{"line":81,"column":10},"end":{"line":81,"column":11}},"loc":{"start":{"line":81,"column":24},"end":{"line":81,"column":67}}},"8":{"name":"(anonymous_8)","decl":{"start":{"line":84,"column":2},"end":{"line":84,"column":3}},"loc":{"start":{"line":84,"column":21},"end":{"line":88,"column":3}}},"9":{"name":"(anonymous_9)","decl":{"start":{"line":90,"column":2},"end":{"line":90,"column":3}},"loc":{"start":{"line":90,"column":22},"end":{"line":94,"column":3}}},"10":{"name":"(anonymous_10)","decl":{"start":{"line":96,"column":2},"end":{"line":96,"column":3}},"loc":{"start":{"line":96,"column":23},"end":{"line":100,"column":3}}},"11":{"name":"(anonymous_11)","decl":{"start":{"line":102,"column":2},"end":{"line":102,"column":3}},"loc":{"start":{"line":102,"column":28},"end":{"line":106,"column":3}}},"12":{"name":"(anonymous_12)","decl":{"start":{"line":108,"column":2},"end":{"line":108,"column":3}},"loc":{"start":{"line":108,"column":23},"end":{"line":112,"column":3}}},"13":{"name":"(anonymous_13)","decl":{"start":{"line":114,"column":2},"end":{"line":114,"column":3}},"loc":{"start":{"line":114,"column":23},"end":{"line":118,"column":3}}},"14":{"name":"(anonymous_14)","decl":{"start":{"line":120,"column":2},"end":{"line":120,"column":3}},"loc":{"start":{"line":120,"column":23},"end":{"line":124,"column":3}}},"15":{"name":"(anonymous_15)","decl":{"start":{"line":126,"column":2},"end":{"line":126,"column":3}},"loc":{"start":{"line":126,"column":12},"end":{"line":162,"column":3}}}},"branchMap":{},"s":{"0":1,"1":1,"2":1,"3":1,"4":1,"5":0,"6":0,"7":0,"8":0,"9":1,"10":0,"11":0,"12":0,"13":0,"14":0,"15":0,"16":0,"17":0,"18":0,"19":0,"20":0,"21":0,"22":0,"23":0,"24":1},"f":{"0":1,"1":1,"2":0,"3":0,"4":0,"5":0,"6":0,"7":0,"8":0,"9":0,"10":0,"11":0,"12":0,"13":0,"14":0,"15":1},"b":{},"_coverageSchema":"332fd63041d2c1bcb487cc26dd0d5f7d97098a6c","hash":"7f735f802d40a209a4d1caf37c2b84b7ee0d0ba4"}
,"/Users/sjbowman/Desktop/CIS*4250/PublicMobileInterface/App/Containers/CatInfo.js": {"path":"/Users/sjbowman/Desktop/CIS*4250/PublicMobileInterface/App/Containers/CatInfo.js","statementMap":{"0":{"start":{"line":12,"column":11},"end":{"line":15,"column":2}},"1":{"start":{"line":20,"column":4},"end":{"line":20,"column":16}},"2":{"start":{"line":21,"column":4},"end":{"line":34,"column":5}},"3":{"start":{"line":38,"column":15},"end":{"line":38,"column":19}},"4":{"start":{"line":40,"column":4},"end":{"line":53,"column":42}},"5":{"start":{"line":42,"column":20},"end":{"line":42,"column":37}},"6":{"start":{"line":43,"column":6},"end":{"line":51,"column":8}},"7":{"start":{"line":53,"column":22},"end":{"line":53,"column":41}},"8":{"start":{"line":55,"column":4},"end":{"line":63,"column":42}},"9":{"start":{"line":57,"column":23},"end":{"line":57,"column":43}},"10":{"start":{"line":58,"column":6},"end":{"line":60,"column":8}},"11":{"start":{"line":61,"column":6},"end":{"line":61,"column":29}},"12":{"start":{"line":63,"column":22},"end":{"line":63,"column":41}},"13":{"start":{"line":65,"column":4},"end":{"line":73,"column":42}},"14":{"start":{"line":67,"column":24},"end":{"line":67,"column":45}},"15":{"start":{"line":68,"column":6},"end":{"line":70,"column":8}},"16":{"start":{"line":71,"column":6},"end":{"line":71,"column":33}},"17":{"start":{"line":73,"column":22},"end":{"line":73,"column":41}},"18":{"start":{"line":77,"column":4},"end":{"line":77,"column":29}},"19":{"start":{"line":78,"column":4},"end":{"line":78,"column":20}},"20":{"start":{"line":79,"column":4},"end":{"line":81,"column":6}},"21":{"start":{"line":85,"column":4},"end":{"line":87,"column":6}},"22":{"start":{"line":91,"column":4},"end":{"line":91,"column":33}},"23":{"start":{"line":92,"column":4},"end":{"line":92,"column":20}},"24":{"start":{"line":93,"column":4},"end":{"line":96,"column":6}},"25":{"start":{"line":100,"column":4},"end":{"line":102,"column":6}},"26":{"start":{"line":106,"column":4},"end":{"line":106,"column":33}},"27":{"start":{"line":107,"column":4},"end":{"line":107,"column":20}},"28":{"start":{"line":108,"column":4},"end":{"line":111,"column":6}},"29":{"start":{"line":115,"column":4},"end":{"line":117,"column":6}},"30":{"start":{"line":121,"column":4},"end":{"line":121,"column":33}},"31":{"start":{"line":122,"column":4},"end":{"line":122,"column":20}},"32":{"start":{"line":123,"column":4},"end":{"line":126,"column":6}},"33":{"start":{"line":147,"column":18},"end":{"line":160,"column":5}},"34":{"start":{"line":161,"column":4},"end":{"line":162,"column":68}},"35":{"start":{"line":162,"column":24},"end":{"line":162,"column":67}},"36":{"start":{"line":166,"column":19},"end":{"line":166,"column":21}},"37":{"start":{"line":167,"column":20},"end":{"line":167,"column":22}},"38":{"start":{"line":169,"column":4},"end":{"line":175,"column":5}},"39":{"start":{"line":170,"column":6},"end":{"line":174,"column":7}},"40":{"start":{"line":171,"column":8},"end":{"line":173,"column":9}},"41":{"start":{"line":172,"column":10},"end":{"line":172,"column":46}},"42":{"start":{"line":177,"column":4},"end":{"line":183,"column":5}},"43":{"start":{"line":178,"column":6},"end":{"line":182,"column":7}},"44":{"start":{"line":179,"column":8},"end":{"line":181,"column":9}},"45":{"start":{"line":180,"column":10},"end":{"line":180,"column":48}},"46":{"start":{"line":188,"column":4},"end":{"line":198,"column":5}},"47":{"start":{"line":189,"column":6},"end":{"line":193,"column":7}},"48":{"start":{"line":195,"column":6},"end":{"line":197,"column":7}},"49":{"start":{"line":201,"column":4},"end":{"line":211,"column":5}},"50":{"start":{"line":202,"column":6},"end":{"line":206,"column":7}},"51":{"start":{"line":208,"column":6},"end":{"line":210,"column":7}},"52":{"start":{"line":214,"column":4},"end":{"line":224,"column":5}},"53":{"start":{"line":215,"column":6},"end":{"line":219,"column":7}},"54":{"start":{"line":221,"column":6},"end":{"line":223,"column":7}},"55":{"start":{"line":226,"column":4},"end":{"line":268,"column":5}}},"fnMap":{"0":{"name":"(anonymous_0)","decl":{"start":{"line":19,"column":2},"end":{"line":19,"column":3}},"loc":{"start":{"line":19,"column":22},"end":{"line":35,"column":3}}},"1":{"name":"(anonymous_1)","decl":{"start":{"line":37,"column":2},"end":{"line":37,"column":3}},"loc":{"start":{"line":37,"column":24},"end":{"line":74,"column":3}}},"2":{"name":"(anonymous_2)","decl":{"start":{"line":41,"column":10},"end":{"line":41,"column":11}},"loc":{"start":{"line":41,"column":30},"end":{"line":52,"column":5}}},"3":{"name":"(anonymous_3)","decl":{"start":{"line":53,"column":11},"end":{"line":53,"column":12}},"loc":{"start":{"line":53,"column":22},"end":{"line":53,"column":41}}},"4":{"name":"(anonymous_4)","decl":{"start":{"line":56,"column":10},"end":{"line":56,"column":11}},"loc":{"start":{"line":56,"column":30},"end":{"line":62,"column":5}}},"5":{"name":"(anonymous_5)","decl":{"start":{"line":63,"column":11},"end":{"line":63,"column":12}},"loc":{"start":{"line":63,"column":22},"end":{"line":63,"column":41}}},"6":{"name":"(anonymous_6)","decl":{"start":{"line":66,"column":10},"end":{"line":66,"column":11}},"loc":{"start":{"line":66,"column":30},"end":{"line":72,"column":5}}},"7":{"name":"(anonymous_7)","decl":{"start":{"line":73,"column":11},"end":{"line":73,"column":12}},"loc":{"start":{"line":73,"column":22},"end":{"line":73,"column":41}}},"8":{"name":"(anonymous_8)","decl":{"start":{"line":76,"column":2},"end":{"line":76,"column":3}},"loc":{"start":{"line":76,"column":23},"end":{"line":82,"column":3}}},"9":{"name":"(anonymous_9)","decl":{"start":{"line":84,"column":2},"end":{"line":84,"column":3}},"loc":{"start":{"line":84,"column":17},"end":{"line":88,"column":3}}},"10":{"name":"(anonymous_10)","decl":{"start":{"line":90,"column":2},"end":{"line":90,"column":3}},"loc":{"start":{"line":90,"column":27},"end":{"line":97,"column":3}}},"11":{"name":"(anonymous_11)","decl":{"start":{"line":99,"column":2},"end":{"line":99,"column":3}},"loc":{"start":{"line":99,"column":17},"end":{"line":103,"column":3}}},"12":{"name":"(anonymous_12)","decl":{"start":{"line":105,"column":2},"end":{"line":105,"column":3}},"loc":{"start":{"line":105,"column":27},"end":{"line":112,"column":3}}},"13":{"name":"(anonymous_13)","decl":{"start":{"line":114,"column":2},"end":{"line":114,"column":3}},"loc":{"start":{"line":114,"column":17},"end":{"line":118,"column":3}}},"14":{"name":"(anonymous_14)","decl":{"start":{"line":120,"column":2},"end":{"line":120,"column":3}},"loc":{"start":{"line":120,"column":27},"end":{"line":127,"column":3}}},"15":{"name":"(anonymous_15)","decl":{"start":{"line":129,"column":2},"end":{"line":129,"column":3}},"loc":{"start":{"line":129,"column":15},"end":{"line":163,"column":3}}},"16":{"name":"(anonymous_16)","decl":{"start":{"line":162,"column":10},"end":{"line":162,"column":11}},"loc":{"start":{"line":162,"column":24},"end":{"line":162,"column":67}}},"17":{"name":"(anonymous_17)","decl":{"start":{"line":165,"column":2},"end":{"line":165,"column":3}},"loc":{"start":{"line":165,"column":12},"end":{"line":269,"column":3}}}},"branchMap":{"0":{"loc":{"start":{"line":169,"column":4},"end":{"line":175,"column":5}},"type":"if","locations":[{"start":{"line":169,"column":4},"end":{"line":175,"column":5}},{"start":{"line":169,"column":4},"end":{"line":175,"column":5}}]},"1":{"loc":{"start":{"line":171,"column":8},"end":{"line":173,"column":9}},"type":"if","locations":[{"start":{"line":171,"column":8},"end":{"line":173,"column":9}},{"start":{"line":171,"column":8},"end":{"line":173,"column":9}}]},"2":{"loc":{"start":{"line":177,"column":4},"end":{"line":183,"column":5}},"type":"if","locations":[{"start":{"line":177,"column":4},"end":{"line":183,"column":5}},{"start":{"line":177,"column":4},"end":{"line":183,"column":5}}]},"3":{"loc":{"start":{"line":179,"column":8},"end":{"line":181,"column":9}},"type":"if","locations":[{"start":{"line":179,"column":8},"end":{"line":181,"column":9}},{"start":{"line":179,"column":8},"end":{"line":181,"column":9}}]},"4":{"loc":{"start":{"line":188,"column":4},"end":{"line":198,"column":5}},"type":"if","locations":[{"start":{"line":188,"column":4},"end":{"line":198,"column":5}},{"start":{"line":188,"column":4},"end":{"line":198,"column":5}}]},"5":{"loc":{"start":{"line":201,"column":4},"end":{"line":211,"column":5}},"type":"if","locations":[{"start":{"line":201,"column":4},"end":{"line":211,"column":5}},{"start":{"line":201,"column":4},"end":{"line":211,"column":5}}]},"6":{"loc":{"start":{"line":214,"column":4},"end":{"line":224,"column":5}},"type":"if","locations":[{"start":{"line":214,"column":4},"end":{"line":224,"column":5}},{"start":{"line":214,"column":4},"end":{"line":224,"column":5}}]}},"s":{"0":1,"1":1,"2":1,"3":1,"4":1,"5":0,"6":0,"7":0,"8":1,"9":0,"10":0,"11":0,"12":0,"13":1,"14":0,"15":0,"16":0,"17":0,"18":0,"19":0,"20":0,"21":0,"22":0,"23":0,"24":0,"25":0,"26":0,"27":0,"28":0,"29":0,"30":0,"31":0,"32":0,"33":0,"34":0,"35":0,"36":1,"37":1,"38":1,"39":1,"40":0,"41":0,"42":1,"43":1,"44":0,"45":0,"46":1,"47":1,"48":0,"49":1,"50":1,"51":0,"52":1,"53":1,"54":0,"55":1},"f":{"0":1,"1":1,"2":0,"3":0,"4":0,"5":0,"6":0,"7":0,"8":0,"9":0,"10":0,"11":0,"12":0,"13":0,"14":0,"15":0,"16":0,"17":1},"b":{"0":[1,0],"1":[0,0],"2":[1,0],"3":[0,0],"4":[1,0],"5":[1,0],"6":[1,0]},"_coverageSchema":"332fd63041d2c1bcb487cc26dd0d5f7d97098a6c","hash":"70d5c1189bfbc6b82f7a6089c3dbfbe1928521cc"}
,"/Users/sjbowman/Desktop/CIS*4250/PublicMobileInterface/App/Containers/CatList.js": {"path":"/Users/sjbowman/Desktop/CIS*4250/PublicMobileInterface/App/Containers/CatList.js","statementMap":{"0":{"start":{"line":10,"column":11},"end":{"line":13,"column":2}},"1":{"start":{"line":18,"column":4},"end":{"line":18,"column":16}},"2":{"start":{"line":19,"column":4},"end":{"line":21,"column":5}},"3":{"start":{"line":26,"column":15},"end":{"line":26,"column":19}},"4":{"start":{"line":29,"column":4},"end":{"line":36,"column":42}},"5":{"start":{"line":31,"column":18},"end":{"line":31,"column":31}},"6":{"start":{"line":32,"column":6},"end":{"line":34,"column":8}},"7":{"start":{"line":36,"column":22},"end":{"line":36,"column":41}},"8":{"start":{"line":40,"column":4},"end":{"line":40,"column":36}},"9":{"start":{"line":44,"column":19},"end":{"line":44,"column":38}},"10":{"start":{"line":45,"column":19},"end":{"line":45,"column":21}},"11":{"start":{"line":46,"column":4},"end":{"line":50,"column":5}},"12":{"start":{"line":47,"column":6},"end":{"line":49,"column":7}},"13":{"start":{"line":48,"column":8},"end":{"line":48,"column":116}},"14":{"start":{"line":52,"column":4},"end":{"line":67,"column":5}}},"fnMap":{"0":{"name":"(anonymous_0)","decl":{"start":{"line":17,"column":2},"end":{"line":17,"column":3}},"loc":{"start":{"line":17,"column":22},"end":{"line":22,"column":3}}},"1":{"name":"(anonymous_1)","decl":{"start":{"line":24,"column":2},"end":{"line":24,"column":3}},"loc":{"start":{"line":24,"column":24},"end":{"line":37,"column":3}}},"2":{"name":"(anonymous_2)","decl":{"start":{"line":30,"column":10},"end":{"line":30,"column":11}},"loc":{"start":{"line":30,"column":30},"end":{"line":35,"column":5}}},"3":{"name":"(anonymous_3)","decl":{"start":{"line":36,"column":11},"end":{"line":36,"column":12}},"loc":{"start":{"line":36,"column":22},"end":{"line":36,"column":41}}},"4":{"name":"(anonymous_4)","decl":{"start":{"line":39,"column":2},"end":{"line":39,"column":3}},"loc":{"start":{"line":39,"column":22},"end":{"line":41,"column":3}}},"5":{"name":"(anonymous_5)","decl":{"start":{"line":43,"column":2},"end":{"line":43,"column":3}},"loc":{"start":{"line":43,"column":12},"end":{"line":68,"column":3}}}},"branchMap":{"0":{"loc":{"start":{"line":46,"column":4},"end":{"line":50,"column":5}},"type":"if","locations":[{"start":{"line":46,"column":4},"end":{"line":50,"column":5}},{"start":{"line":46,"column":4},"end":{"line":50,"column":5}}]}},"s":{"0":1,"1":1,"2":1,"3":1,"4":1,"5":0,"6":0,"7":0,"8":0,"9":1,"10":1,"11":1,"12":0,"13":0,"14":1},"f":{"0":1,"1":1,"2":0,"3":0,"4":0,"5":1},"b":{"0":[0,1]},"_coverageSchema":"332fd63041d2c1bcb487cc26dd0d5f7d97098a6c","hash":"cbeeb706d711416201606c325d6428ad31e0e678"}
,"/Users/sjbowman/Desktop/CIS*4250/PublicMobileInterface/App/Containers/DrawerContent.js": {"path":"/Users/sjbowman/Desktop/CIS*4250/PublicMobileInterface/App/Containers/DrawerContent.js","statementMap":{"0":{"start":{"line":8,"column":11},"end":{"line":11,"column":2}},"1":{"start":{"line":16,"column":4},"end":{"line":22,"column":6}},"2":{"start":{"line":17,"column":6},"end":{"line":20,"column":7}},"3":{"start":{"line":18,"column":8},"end":{"line":18,"column":27}},"4":{"start":{"line":19,"column":8},"end":{"line":19,"column":19}},"5":{"start":{"line":21,"column":6},"end":{"line":21,"column":18}},"6":{"start":{"line":26,"column":4},"end":{"line":26,"column":32}},"7":{"start":{"line":30,"column":4},"end":{"line":30,"column":23}},"8":{"start":{"line":31,"column":4},"end":{"line":31,"column":41}},"9":{"start":{"line":35,"column":4},"end":{"line":35,"column":23}},"10":{"start":{"line":36,"column":4},"end":{"line":36,"column":37}},"11":{"start":{"line":40,"column":4},"end":{"line":40,"column":23}},"12":{"start":{"line":41,"column":4},"end":{"line":41,"column":34}},"13":{"start":{"line":45,"column":4},"end":{"line":45,"column":23}},"14":{"start":{"line":46,"column":4},"end":{"line":46,"column":29}},"15":{"start":{"line":50,"column":4},"end":{"line":50,"column":23}},"16":{"start":{"line":51,"column":4},"end":{"line":51,"column":34}},"17":{"start":{"line":55,"column":4},"end":{"line":77,"column":5}},"18":{"start":{"line":62,"column":12},"end":{"line":70,"column":14}},"19":{"start":{"line":63,"column":14},"end":{"line":69,"column":15}},"20":{"start":{"line":64,"column":16},"end":{"line":64,"column":67}},"21":{"start":{"line":65,"column":16},"end":{"line":65,"column":35}},"22":{"start":{"line":66,"column":16},"end":{"line":66,"column":54}},"23":{"start":{"line":68,"column":16},"end":{"line":68,"column":52}},"24":{"start":{"line":81,"column":4},"end":{"line":88,"column":5}},"25":{"start":{"line":92,"column":0},"end":{"line":94,"column":1}}},"fnMap":{"0":{"name":"(anonymous_0)","decl":{"start":{"line":15,"column":2},"end":{"line":15,"column":3}},"loc":{"start":{"line":15,"column":23},"end":{"line":23,"column":3}}},"1":{"name":"(anonymous_1)","decl":{"start":{"line":16,"column":54},"end":{"line":16,"column":55}},"loc":{"start":{"line":16,"column":60},"end":{"line":22,"column":5}}},"2":{"name":"(anonymous_2)","decl":{"start":{"line":25,"column":2},"end":{"line":25,"column":3}},"loc":{"start":{"line":25,"column":18},"end":{"line":27,"column":3}}},"3":{"name":"(anonymous_3)","decl":{"start":{"line":29,"column":26},"end":{"line":29,"column":27}},"loc":{"start":{"line":29,"column":32},"end":{"line":32,"column":3}}},"4":{"name":"(anonymous_4)","decl":{"start":{"line":34,"column":21},"end":{"line":34,"column":22}},"loc":{"start":{"line":34,"column":27},"end":{"line":37,"column":3}}},"5":{"name":"(anonymous_5)","decl":{"start":{"line":39,"column":19},"end":{"line":39,"column":20}},"loc":{"start":{"line":39,"column":25},"end":{"line":42,"column":3}}},"6":{"name":"(anonymous_6)","decl":{"start":{"line":44,"column":21},"end":{"line":44,"column":22}},"loc":{"start":{"line":44,"column":27},"end":{"line":47,"column":3}}},"7":{"name":"(anonymous_7)","decl":{"start":{"line":49,"column":22},"end":{"line":49,"column":23}},"loc":{"start":{"line":49,"column":28},"end":{"line":52,"column":3}}},"8":{"name":"(anonymous_8)","decl":{"start":{"line":54,"column":18},"end":{"line":54,"column":19}},"loc":{"start":{"line":54,"column":24},"end":{"line":78,"column":3}}},"9":{"name":"(anonymous_9)","decl":{"start":{"line":61,"column":19},"end":{"line":61,"column":20}},"loc":{"start":{"line":61,"column":25},"end":{"line":71,"column":11}}},"10":{"name":"(anonymous_10)","decl":{"start":{"line":62,"column":41},"end":{"line":62,"column":42}},"loc":{"start":{"line":62,"column":55},"end":{"line":70,"column":13}}},"11":{"name":"(anonymous_11)","decl":{"start":{"line":80,"column":2},"end":{"line":80,"column":3}},"loc":{"start":{"line":80,"column":12},"end":{"line":89,"column":3}}}},"branchMap":{"0":{"loc":{"start":{"line":17,"column":6},"end":{"line":20,"column":7}},"type":"if","locations":[{"start":{"line":17,"column":6},"end":{"line":20,"column":7}},{"start":{"line":17,"column":6},"end":{"line":20,"column":7}}]},"1":{"loc":{"start":{"line":63,"column":14},"end":{"line":69,"column":15}},"type":"if","locations":[{"start":{"line":63,"column":14},"end":{"line":69,"column":15}},{"start":{"line":63,"column":14},"end":{"line":69,"column":15}}]}},"s":{"0":1,"1":1,"2":0,"3":0,"4":0,"5":0,"6":0,"7":0,"8":0,"9":0,"10":0,"11":0,"12":0,"13":0,"14":0,"15":0,"16":0,"17":0,"18":0,"19":0,"20":0,"21":0,"22":0,"23":0,"24":1,"25":1},"f":{"0":1,"1":0,"2":0,"3":0,"4":0,"5":0,"6":0,"7":0,"8":0,"9":0,"10":0,"11":1},"b":{"0":[0,0],"1":[0,0]},"_coverageSchema":"332fd63041d2c1bcb487cc26dd0d5f7d97098a6c","hash":"780ddc68d0d1068a1cc959b13a6dd6c8a9771355"}
,"/Users/sjbowman/Desktop/CIS*4250/PublicMobileInterface/App/Containers/PresentationScreen.js": {"path":"/Users/sjbowman/Desktop/CIS*4250/PublicMobileInterface/App/Containers/PresentationScreen.js","statementMap":{"0":{"start":{"line":12,"column":4},"end":{"line":43,"column":5}}},"fnMap":{"0":{"name":"(anonymous_0)","decl":{"start":{"line":11,"column":2},"end":{"line":11,"column":3}},"loc":{"start":{"line":11,"column":12},"end":{"line":44,"column":3}}}},"branchMap":{},"s":{"0":1},"f":{"0":1},"b":{},"_coverageSchema":"332fd63041d2c1bcb487cc26dd0d5f7d97098a6c","hash":"78e3372c9018d318f2e15ce4650ff96bf7802cf2"}
,"/Users/sjbowman/Desktop/CIS*4250/PublicMobileInterface/App/Containers/SignIn.js": {"path":"/Users/sjbowman/Desktop/CIS*4250/PublicMobileInterface/App/Containers/SignIn.js","statementMap":{"0":{"start":{"line":11,"column":11},"end":{"line":14,"column":2}},"1":{"start":{"line":19,"column":4},"end":{"line":19,"column":16}},"2":{"start":{"line":20,"column":4},"end":{"line":23,"column":5}},"3":{"start":{"line":27,"column":4},"end":{"line":31,"column":5}},"4":{"start":{"line":28,"column":6},"end":{"line":28,"column":44}},"5":{"start":{"line":30,"column":6},"end":{"line":30,"column":57}},"6":{"start":{"line":35,"column":4},"end":{"line":38,"column":5}},"7":{"start":{"line":36,"column":6},"end":{"line":36,"column":87}},"8":{"start":{"line":37,"column":6},"end":{"line":37,"column":12}},"9":{"start":{"line":40,"column":18},"end":{"line":43,"column":5}},"10":{"start":{"line":44,"column":4},"end":{"line":44,"column":81}},"11":{"start":{"line":44,"column":55},"end":{"line":44,"column":80}},"12":{"start":{"line":48,"column":4},"end":{"line":50,"column":6}},"13":{"start":{"line":54,"column":4},"end":{"line":56,"column":6}},"14":{"start":{"line":60,"column":4},"end":{"line":60,"column":32}},"15":{"start":{"line":64,"column":4},"end":{"line":98,"column":5}},"16":{"start":{"line":77,"column":56},"end":{"line":77,"column":80}}},"fnMap":{"0":{"name":"(anonymous_0)","decl":{"start":{"line":18,"column":2},"end":{"line":18,"column":3}},"loc":{"start":{"line":18,"column":22},"end":{"line":24,"column":3}}},"1":{"name":"(anonymous_1)","decl":{"start":{"line":26,"column":2},"end":{"line":26,"column":3}},"loc":{"start":{"line":26,"column":15},"end":{"line":32,"column":3}}},"2":{"name":"(anonymous_2)","decl":{"start":{"line":34,"column":2},"end":{"line":34,"column":3}},"loc":{"start":{"line":34,"column":16},"end":{"line":45,"column":3}}},"3":{"name":"(anonymous_3)","decl":{"start":{"line":44,"column":41},"end":{"line":44,"column":42}},"loc":{"start":{"line":44,"column":55},"end":{"line":44,"column":80}}},"4":{"name":"(anonymous_4)","decl":{"start":{"line":47,"column":2},"end":{"line":47,"column":3}},"loc":{"start":{"line":47,"column":22},"end":{"line":51,"column":3}}},"5":{"name":"(anonymous_5)","decl":{"start":{"line":53,"column":2},"end":{"line":53,"column":3}},"loc":{"start":{"line":53,"column":25},"end":{"line":57,"column":3}}},"6":{"name":"(anonymous_6)","decl":{"start":{"line":59,"column":19},"end":{"line":59,"column":20}},"loc":{"start":{"line":59,"column":34},"end":{"line":61,"column":3}}},"7":{"name":"(anonymous_7)","decl":{"start":{"line":63,"column":2},"end":{"line":63,"column":3}},"loc":{"start":{"line":63,"column":12},"end":{"line":99,"column":3}}},"8":{"name":"(anonymous_8)","decl":{"start":{"line":77,"column":50},"end":{"line":77,"column":51}},"loc":{"start":{"line":77,"column":56},"end":{"line":77,"column":80}}}},"branchMap":{"0":{"loc":{"start":{"line":27,"column":4},"end":{"line":31,"column":5}},"type":"if","locations":[{"start":{"line":27,"column":4},"end":{"line":31,"column":5}},{"start":{"line":27,"column":4},"end":{"line":31,"column":5}}]},"1":{"loc":{"start":{"line":35,"column":4},"end":{"line":38,"column":5}},"type":"if","locations":[{"start":{"line":35,"column":4},"end":{"line":38,"column":5}},{"start":{"line":35,"column":4},"end":{"line":38,"column":5}}]},"2":{"loc":{"start":{"line":35,"column":8},"end":{"line":35,"column":61}},"type":"binary-expr","locations":[{"start":{"line":35,"column":8},"end":{"line":35,"column":31}},{"start":{"line":35,"column":35},"end":{"line":35,"column":61}}]}},"s":{"0":1,"1":1,"2":1,"3":0,"4":0,"5":0,"6":0,"7":0,"8":0,"9":0,"10":0,"11":0,"12":0,"13":0,"14":0,"15":1,"16":0},"f":{"0":1,"1":0,"2":0,"3":0,"4":0,"5":0,"6":0,"7":1,"8":0},"b":{"0":[0,0],"1":[0,0],"2":[0,0]},"_coverageSchema":"332fd63041d2c1bcb487cc26dd0d5f7d97098a6c","hash":"619000871de0dcb5e29f18be5c9cf77370a07196"}
,"/Users/sjbowman/Desktop/CIS*4250/PublicMobileInterface/App/Containers/SignUp.js": {"path":"/Users/sjbowman/Desktop/CIS*4250/PublicMobileInterface/App/Containers/SignUp.js","statementMap":{"0":{"start":{"line":11,"column":11},"end":{"line":14,"column":2}},"1":{"start":{"line":19,"column":4},"end":{"line":19,"column":16}},"2":{"start":{"line":20,"column":4},"end":{"line":26,"column":5}},"3":{"start":{"line":30,"column":4},"end":{"line":38,"column":5}},"4":{"start":{"line":31,"column":20},"end":{"line":34,"column":7}},"5":{"start":{"line":35,"column":6},"end":{"line":35,"column":96}},"6":{"start":{"line":35,"column":57},"end":{"line":35,"column":95}},"7":{"start":{"line":37,"column":6},"end":{"line":37,"column":61}},"8":{"start":{"line":42,"column":4},"end":{"line":45,"column":5}},"9":{"start":{"line":43,"column":6},"end":{"line":43,"column":87}},"10":{"start":{"line":44,"column":6},"end":{"line":44,"column":12}},"11":{"start":{"line":47,"column":18},"end":{"line":59,"column":5}},"12":{"start":{"line":61,"column":4},"end":{"line":62,"column":50}},"13":{"start":{"line":62,"column":24},"end":{"line":62,"column":49}},"14":{"start":{"line":66,"column":4},"end":{"line":68,"column":6}},"15":{"start":{"line":72,"column":4},"end":{"line":74,"column":6}},"16":{"start":{"line":78,"column":4},"end":{"line":80,"column":6}},"17":{"start":{"line":84,"column":4},"end":{"line":86,"column":6}},"18":{"start":{"line":90,"column":4},"end":{"line":92,"column":6}},"19":{"start":{"line":96,"column":4},"end":{"line":96,"column":32}},"20":{"start":{"line":100,"column":4},"end":{"line":132,"column":5}},"21":{"start":{"line":109,"column":56},"end":{"line":109,"column":80}},"22":{"start":{"line":112,"column":56},"end":{"line":112,"column":80}},"23":{"start":{"line":115,"column":56},"end":{"line":115,"column":80}},"24":{"start":{"line":118,"column":56},"end":{"line":118,"column":80}}},"fnMap":{"0":{"name":"(anonymous_0)","decl":{"start":{"line":18,"column":2},"end":{"line":18,"column":3}},"loc":{"start":{"line":18,"column":22},"end":{"line":27,"column":3}}},"1":{"name":"(anonymous_1)","decl":{"start":{"line":29,"column":2},"end":{"line":29,"column":3}},"loc":{"start":{"line":29,"column":15},"end":{"line":39,"column":3}}},"2":{"name":"(anonymous_2)","decl":{"start":{"line":35,"column":43},"end":{"line":35,"column":44}},"loc":{"start":{"line":35,"column":57},"end":{"line":35,"column":95}}},"3":{"name":"(anonymous_3)","decl":{"start":{"line":41,"column":2},"end":{"line":41,"column":3}},"loc":{"start":{"line":41,"column":18},"end":{"line":63,"column":3}}},"4":{"name":"(anonymous_4)","decl":{"start":{"line":62,"column":10},"end":{"line":62,"column":11}},"loc":{"start":{"line":62,"column":24},"end":{"line":62,"column":49}}},"5":{"name":"(anonymous_5)","decl":{"start":{"line":65,"column":2},"end":{"line":65,"column":3}},"loc":{"start":{"line":65,"column":22},"end":{"line":69,"column":3}}},"6":{"name":"(anonymous_6)","decl":{"start":{"line":71,"column":2},"end":{"line":71,"column":3}},"loc":{"start":{"line":71,"column":22},"end":{"line":75,"column":3}}},"7":{"name":"(anonymous_7)","decl":{"start":{"line":77,"column":2},"end":{"line":77,"column":3}},"loc":{"start":{"line":77,"column":22},"end":{"line":81,"column":3}}},"8":{"name":"(anonymous_8)","decl":{"start":{"line":83,"column":2},"end":{"line":83,"column":3}},"loc":{"start":{"line":83,"column":25},"end":{"line":87,"column":3}}},"9":{"name":"(anonymous_9)","decl":{"start":{"line":89,"column":2},"end":{"line":89,"column":3}},"loc":{"start":{"line":89,"column":24},"end":{"line":93,"column":3}}},"10":{"name":"(anonymous_10)","decl":{"start":{"line":95,"column":19},"end":{"line":95,"column":20}},"loc":{"start":{"line":95,"column":34},"end":{"line":97,"column":3}}},"11":{"name":"(anonymous_11)","decl":{"start":{"line":99,"column":2},"end":{"line":99,"column":3}},"loc":{"start":{"line":99,"column":12},"end":{"line":133,"column":3}}},"12":{"name":"(anonymous_12)","decl":{"start":{"line":109,"column":50},"end":{"line":109,"column":51}},"loc":{"start":{"line":109,"column":56},"end":{"line":109,"column":80}}},"13":{"name":"(anonymous_13)","decl":{"start":{"line":112,"column":50},"end":{"line":112,"column":51}},"loc":{"start":{"line":112,"column":56},"end":{"line":112,"column":80}}},"14":{"name":"(anonymous_14)","decl":{"start":{"line":115,"column":50},"end":{"line":115,"column":51}},"loc":{"start":{"line":115,"column":56},"end":{"line":115,"column":80}}},"15":{"name":"(anonymous_15)","decl":{"start":{"line":118,"column":50},"end":{"line":118,"column":51}},"loc":{"start":{"line":118,"column":56},"end":{"line":118,"column":80}}}},"branchMap":{"0":{"loc":{"start":{"line":30,"column":4},"end":{"line":38,"column":5}},"type":"if","locations":[{"start":{"line":30,"column":4},"end":{"line":38,"column":5}},{"start":{"line":30,"column":4},"end":{"line":38,"column":5}}]},"1":{"loc":{"start":{"line":42,"column":4},"end":{"line":45,"column":5}},"type":"if","locations":[{"start":{"line":42,"column":4},"end":{"line":45,"column":5}},{"start":{"line":42,"column":4},"end":{"line":45,"column":5}}]},"2":{"loc":{"start":{"line":42,"column":8},"end":{"line":42,"column":144}},"type":"binary-expr","locations":[{"start":{"line":42,"column":8},"end":{"line":42,"column":31}},{"start":{"line":42,"column":35},"end":{"line":42,"column":61}},{"start":{"line":42,"column":65},"end":{"line":42,"column":88}},{"start":{"line":42,"column":92},"end":{"line":42,"column":115}},{"start":{"line":42,"column":119},"end":{"line":42,"column":144}}]}},"s":{"0":1,"1":1,"2":1,"3":0,"4":0,"5":0,"6":0,"7":0,"8":0,"9":0,"10":0,"11":0,"12":0,"13":0,"14":0,"15":0,"16":0,"17":0,"18":0,"19":0,"20":1,"21":0,"22":0,"23":0,"24":0},"f":{"0":1,"1":0,"2":0,"3":0,"4":0,"5":0,"6":0,"7":0,"8":0,"9":0,"10":0,"11":1,"12":0,"13":0,"14":0,"15":0},"b":{"0":[0,0],"1":[0,0],"2":[0,0,0,0,0]},"_coverageSchema":"332fd63041d2c1bcb487cc26dd0d5f7d97098a6c","hash":"4440ba9472580cc144f483a59681bf97c286759e"}
,"/Users/sjbowman/Desktop/CIS*4250/PublicMobileInterface/App/Containers/Styles/DrawerContentStyle.js": {"path":"/Users/sjbowman/Desktop/CIS*4250/PublicMobileInterface/App/Containers/Styles/DrawerContentStyle.js","statementMap":{},"fnMap":{},"branchMap":{},"s":{},"f":{},"b":{},"_coverageSchema":"332fd63041d2c1bcb487cc26dd0d5f7d97098a6c","hash":"3e9b7dfe86a5f0957a46bb05ad1796b75393298b"}
,"/Users/sjbowman/Desktop/CIS*4250/PublicMobileInterface/App/Containers/Styles/PresentationScreenStyle.js": {"path":"/Users/sjbowman/Desktop/CIS*4250/PublicMobileInterface/App/Containers/Styles/PresentationScreenStyle.js","statementMap":{},"fnMap":{},"branchMap":{},"s":{},"f":{},"b":{},"_coverageSchema":"332fd63041d2c1bcb487cc26dd0d5f7d97098a6c","hash":"ae92ec27e1092a6daf0a8c691b5aaf80cbc8b553"}
,"/Users/sjbowman/Desktop/CIS*4250/PublicMobileInterface/App/Services/ExamplesRegistry.js": {"path":"/Users/sjbowman/Desktop/CIS*4250/PublicMobileInterface/App/Services/ExamplesRegistry.js","statementMap":{"0":{"start":{"line":6,"column":29},"end":{"line":6,"column":31}},"1":{"start":{"line":8,"column":26},"end":{"line":8,"column":126}},"2":{"start":{"line":8,"column":46},"end":{"line":8,"column":124}},"3":{"start":{"line":8,"column":81},"end":{"line":8,"column":124}},"4":{"start":{"line":10,"column":22},"end":{"line":19,"column":1}},"5":{"start":{"line":11,"column":2},"end":{"line":18,"column":3}},"6":{"start":{"line":21,"column":30},"end":{"line":21,"column":80}},"7":{"start":{"line":21,"column":36},"end":{"line":21,"column":80}}},"fnMap":{"0":{"name":"(anonymous_0)","decl":{"start":{"line":8,"column":26},"end":{"line":8,"column":27}},"loc":{"start":{"line":8,"column":44},"end":{"line":8,"column":126}}},"1":{"name":"(anonymous_1)","decl":{"start":{"line":10,"column":22},"end":{"line":10,"column":23}},"loc":{"start":{"line":10,"column":35},"end":{"line":19,"column":1}}},"2":{"name":"(anonymous_2)","decl":{"start":{"line":21,"column":30},"end":{"line":21,"column":31}},"loc":{"start":{"line":21,"column":36},"end":{"line":21,"column":80}}}},"branchMap":{"0":{"loc":{"start":{"line":8,"column":46},"end":{"line":8,"column":124}},"type":"if","locations":[{"start":{"line":8,"column":46},"end":{"line":8,"column":124}},{"start":{"line":8,"column":46},"end":{"line":8,"column":124}}]}},"s":{"0":7,"1":7,"2":7,"3":7,"4":7,"5":0,"6":7,"7":0},"f":{"0":7,"1":0,"2":0},"b":{"0":[7,0]},"_coverageSchema":"332fd63041d2c1bcb487cc26dd0d5f7d97098a6c","hash":"317fcbf4adde89058448f53e421dd8bba5020ccf"}
,"/Users/sjbowman/Desktop/CIS*4250/PublicMobileInterface/App/Themes/ApplicationStyles.js": {"path":"/Users/sjbowman/Desktop/CIS*4250/PublicMobileInterface/App/Themes/ApplicationStyles.js","statementMap":{"0":{"start":{"line":8,"column":26},"end":{"line":101,"column":1}}},"fnMap":{},"branchMap":{},"s":{"0":8},"f":{},"b":{},"_coverageSchema":"332fd63041d2c1bcb487cc26dd0d5f7d97098a6c","hash":"5b1d96de4c79ab655573c2546972a62454fc3ddb"}
,"/Users/sjbowman/Desktop/CIS*4250/PublicMobileInterface/App/Themes/Colors.js": {"path":"/Users/sjbowman/Desktop/CIS*4250/PublicMobileInterface/App/Themes/Colors.js","statementMap":{"0":{"start":{"line":1,"column":15},"end":{"line":29,"column":1}}},"fnMap":{},"branchMap":{},"s":{"0":8},"f":{},"b":{},"_coverageSchema":"332fd63041d2c1bcb487cc26dd0d5f7d97098a6c","hash":"09c590ca907fe475dc017b57f5cdd3f3b1b14b60"}
,"/Users/sjbowman/Desktop/CIS*4250/PublicMobileInterface/App/Themes/Fonts.js": {"path":"/Users/sjbowman/Desktop/CIS*4250/PublicMobileInterface/App/Themes/Fonts.js","statementMap":{"0":{"start":{"line":1,"column":13},"end":{"line":5,"column":1}},"1":{"start":{"line":7,"column":13},"end":{"line":19,"column":1}},"2":{"start":{"line":21,"column":14},"end":{"line":54,"column":1}}},"fnMap":{},"branchMap":{},"s":{"0":8,"1":8,"2":8},"f":{},"b":{},"_coverageSchema":"332fd63041d2c1bcb487cc26dd0d5f7d97098a6c","hash":"821bd248b841dce341b78d91bbc21b25f1debe3c"}
,"/Users/sjbowman/Desktop/CIS*4250/PublicMobileInterface/App/Themes/Images.js": {"path":"/Users/sjbowman/Desktop/CIS*4250/PublicMobileInterface/App/Themes/Images.js","statementMap":{"0":{"start":{"line":2,"column":15},"end":{"line":7,"column":1}}},"fnMap":{},"branchMap":{},"s":{"0":8},"f":{},"b":{},"_coverageSchema":"332fd63041d2c1bcb487cc26dd0d5f7d97098a6c","hash":"097b6b126fc16f4bb6d762438b0563538775eb5c"}
,"/Users/sjbowman/Desktop/CIS*4250/PublicMobileInterface/App/Themes/Metrics.js": {"path":"/Users/sjbowman/Desktop/CIS*4250/PublicMobileInterface/App/Themes/Metrics.js","statementMap":{"0":{"start":{"line":3,"column":26},"end":{"line":3,"column":50}},"1":{"start":{"line":6,"column":16},"end":{"line":31,"column":1}}},"fnMap":{},"branchMap":{"0":{"loc":{"start":{"line":14,"column":15},"end":{"line":14,"column":46}},"type":"cond-expr","locations":[{"start":{"line":14,"column":32},"end":{"line":14,"column":37}},{"start":{"line":14,"column":40},"end":{"line":14,"column":46}}]},"1":{"loc":{"start":{"line":15,"column":16},"end":{"line":15,"column":47}},"type":"cond-expr","locations":[{"start":{"line":15,"column":33},"end":{"line":15,"column":39}},{"start":{"line":15,"column":42},"end":{"line":15,"column":47}}]},"2":{"loc":{"start":{"line":16,"column":16},"end":{"line":16,"column":49}},"type":"cond-expr","locations":[{"start":{"line":16,"column":42},"end":{"line":16,"column":44}},{"start":{"line":16,"column":47},"end":{"line":16,"column":49}}]}},"s":{"0":8,"1":8},"f":{},"b":{"0":[8,0],"1":[8,0],"2":[8,0]},"_coverageSchema":"332fd63041d2c1bcb487cc26dd0d5f7d97098a6c","hash":"331da6c165ae399a8205b48313a7e9f263ff87cc"}
,"/Users/sjbowman/Desktop/CIS*4250/PublicMobileInterface/App/Themes/index.js": {"path":"/Users/sjbowman/Desktop/CIS*4250/PublicMobileInterface/App/Themes/index.js","statementMap":{},"fnMap":{},"branchMap":{},"s":{},"f":{},"b":{},"_coverageSchema":"332fd63041d2c1bcb487cc26dd0d5f7d97098a6c","hash":"b50906dcd2c037e68207d26c262b4efa4d32b511"}
}
