TN:
SF:/Users/sjbowman/Desktop/CIS*4250/PublicMobileInterface/App/Components/DropDown.js
FN:16,(anonymous_0)
FN:23,(anonymous_1)
FN:40,(anonymous_2)
FNF:3
FNH:2
FNDA:2,(anonymous_0)
FNDA:0,(anonymous_1)
FNDA:2,(anonymous_2)
DA:17,2
DA:18,2
DA:24,0
DA:25,0
DA:26,0
DA:28,0
DA:30,0
DA:31,0
DA:34,0
DA:41,2
DA:54,1
LF:11
LH:4
BRDA:25,0,0,0
BRDA:25,0,1,0
BRF:2
BRH:0
end_of_record
TN:
SF:/Users/sjbowman/Desktop/CIS*4250/PublicMobileInterface/App/Components/RoundedButton.js
FN:7,(anonymous_0)
FN:10,(anonymous_1)
FN:16,(anonymous_2)
FN:21,(anonymous_3)
FNF:4
FNH:2
FNDA:0,(anonymous_0)
FNDA:0,(anonymous_1)
FNDA:3,(anonymous_2)
FNDA:3,(anonymous_3)
DA:7,3
DA:8,0
DA:10,0
DA:17,3
DA:18,3
DA:22,3
DA:30,3
LF:7
LH:5
BRDA:17,0,0,3
BRDA:17,0,1,3
BRF:2
BRH:2
end_of_record
TN:
SF:/Users/sjbowman/Desktop/CIS*4250/PublicMobileInterface/App/Components/Styles/DropDownStyle.js
FNF:0
FNH:0
LF:0
LH:0
BRF:0
BRH:0
end_of_record
TN:
SF:/Users/sjbowman/Desktop/CIS*4250/PublicMobileInterface/App/Components/Styles/RoundedButtonStyle.js
FNF:0
FNH:0
LF:0
LH:0
BRF:0
BRH:0
end_of_record
TN:
SF:/Users/sjbowman/Desktop/CIS*4250/PublicMobileInterface/App/Config/DebugSettings.js
FNF:0
FNH:0
DA:1,3
LF:1
LH:1
BRF:0
BRH:0
end_of_record
TN:
SF:/Users/sjbowman/Desktop/CIS*4250/PublicMobileInterface/App/Containers/AddCat.js
FN:19,(anonymous_0)
FN:34,(anonymous_1)
FN:40,(anonymous_2)
FN:49,(anonymous_3)
FN:53,(anonymous_4)
FN:62,(anonymous_5)
FN:65,(anonymous_6)
FN:77,(anonymous_7)
FN:80,(anonymous_8)
FN:86,(anonymous_9)
FN:92,(anonymous_10)
FN:98,(anonymous_11)
FN:104,(anonymous_12)
FN:110,(anonymous_13)
FN:116,(anonymous_14)
FN:122,(anonymous_15)
FNF:16
FNH:3
FNDA:1,(anonymous_0)
FNDA:1,(anonymous_1)
FNDA:0,(anonymous_2)
FNDA:0,(anonymous_3)
FNDA:0,(anonymous_4)
FNDA:0,(anonymous_5)
FNDA:0,(anonymous_6)
FNDA:0,(anonymous_7)
FNDA:0,(anonymous_8)
FNDA:0,(anonymous_9)
FNDA:0,(anonymous_10)
FNDA:0,(anonymous_11)
FNDA:0,(anonymous_12)
FNDA:0,(anonymous_13)
FNDA:0,(anonymous_14)
FNDA:1,(anonymous_15)
DA:12,1
DA:20,1
DA:21,1
DA:36,1
DA:39,1
DA:41,0
DA:42,0
DA:45,0
DA:49,0
DA:52,1
DA:54,0
DA:55,0
DA:58,0
DA:62,0
DA:66,0
DA:76,0
DA:77,0
DA:81,0
DA:87,0
DA:93,0
DA:99,0
DA:105,0
DA:111,0
DA:117,0
DA:123,1
LF:25
LH:7
BRF:0
BRH:0
end_of_record
TN:
SF:/Users/sjbowman/Desktop/CIS*4250/PublicMobileInterface/App/Containers/SignIn.js
FN:18,(anonymous_0)
FN:26,(anonymous_1)
FN:36,(anonymous_2)
FN:39,(anonymous_3)
FN:45,(anonymous_4)
FN:51,(anonymous_5)
FN:55,(anonymous_6)
FN:65,(anonymous_7)
FNF:8
FNH:2
FNDA:1,(anonymous_0)
FNDA:0,(anonymous_1)
FNDA:0,(anonymous_2)
FNDA:0,(anonymous_3)
FNDA:0,(anonymous_4)
FNDA:0,(anonymous_5)
FNDA:1,(anonymous_6)
FNDA:0,(anonymous_7)
DA:11,1
DA:19,1
DA:20,1
DA:27,0
DA:28,0
DA:29,0
DA:32,0
DA:36,0
DA:40,0
DA:46,0
DA:52,0
DA:56,1
DA:65,0
LF:13
LH:4
BRDA:27,0,0,0
BRDA:27,0,1,0
BRDA:27,1,0,0
BRDA:27,1,1,0
BRF:4
BRH:0
end_of_record
TN:
SF:/Users/sjbowman/Desktop/CIS*4250/PublicMobileInterface/App/Containers/SignUp.js
FN:18,(anonymous_0)
FN:29,(anonymous_1)
FN:50,(anonymous_2)
FN:53,(anonymous_3)
FN:59,(anonymous_4)
FN:65,(anonymous_5)
FN:71,(anonymous_6)
FN:77,(anonymous_7)
FN:83,(anonymous_8)
FN:87,(anonymous_9)
FN:97,(anonymous_10)
FN:100,(anonymous_11)
FN:103,(anonymous_12)
FN:106,(anonymous_13)
FNF:14
FNH:2
FNDA:1,(anonymous_0)
FNDA:0,(anonymous_1)
FNDA:0,(anonymous_2)
FNDA:0,(anonymous_3)
FNDA:0,(anonymous_4)
FNDA:0,(anonymous_5)
FNDA:0,(anonymous_6)
FNDA:0,(anonymous_7)
FNDA:0,(anonymous_8)
FNDA:1,(anonymous_9)
FNDA:0,(anonymous_10)
FNDA:0,(anonymous_11)
FNDA:0,(anonymous_12)
FNDA:0,(anonymous_13)
DA:11,1
DA:19,1
DA:20,1
DA:30,0
DA:31,0
DA:32,0
DA:35,0
DA:49,0
DA:50,0
DA:54,0
DA:60,0
DA:66,0
DA:72,0
DA:78,0
DA:84,0
DA:88,1
DA:97,0
DA:100,0
DA:103,0
DA:106,0
LF:20
LH:4
BRDA:30,0,0,0
BRDA:30,0,1,0
BRDA:30,1,0,0
BRDA:30,1,1,0
BRDA:30,1,2,0
BRDA:30,1,3,0
BRDA:30,1,4,0
BRF:7
BRH:0
end_of_record
TN:
SF:/Users/sjbowman/Desktop/CIS*4250/PublicMobileInterface/App/Containers/Styles/PresentationScreenStyle.js
FNF:0
FNH:0
LF:0
LH:0
BRF:0
BRH:0
end_of_record
TN:
SF:/Users/sjbowman/Desktop/CIS*4250/PublicMobileInterface/App/Services/ExamplesRegistry.js
FN:8,(anonymous_0)
FN:10,(anonymous_1)
FN:21,(anonymous_2)
FNF:3
FNH:1
FNDA:3,(anonymous_0)
FNDA:0,(anonymous_1)
FNDA:0,(anonymous_2)
DA:6,3
DA:8,3
DA:10,3
DA:11,0
DA:21,3
LF:5
LH:4
BRDA:8,0,0,3
BRDA:8,0,1,0
BRF:2
BRH:1
end_of_record
TN:
SF:/Users/sjbowman/Desktop/CIS*4250/PublicMobileInterface/App/Themes/ApplicationStyles.js
FNF:0
FNH:0
DA:8,3
LF:1
LH:1
BRF:0
BRH:0
end_of_record
TN:
SF:/Users/sjbowman/Desktop/CIS*4250/PublicMobileInterface/App/Themes/Colors.js
FNF:0
FNH:0
DA:1,3
LF:1
LH:1
BRF:0
BRH:0
end_of_record
TN:
SF:/Users/sjbowman/Desktop/CIS*4250/PublicMobileInterface/App/Themes/Fonts.js
FNF:0
FNH:0
DA:1,3
DA:7,3
DA:21,3
LF:3
LH:3
BRF:0
BRH:0
end_of_record
TN:
SF:/Users/sjbowman/Desktop/CIS*4250/PublicMobileInterface/App/Themes/Images.js
FNF:0
FNH:0
DA:2,3
LF:1
LH:1
BRF:0
BRH:0
end_of_record
TN:
SF:/Users/sjbowman/Desktop/CIS*4250/PublicMobileInterface/App/Themes/Metrics.js
FNF:0
FNH:0
DA:3,3
DA:6,3
LF:2
LH:2
BRDA:14,0,0,3
BRDA:14,0,1,0
BRDA:15,1,0,3
BRDA:15,1,1,0
BRDA:16,2,0,3
BRDA:16,2,1,0
BRF:6
BRH:3
end_of_record
TN:
SF:/Users/sjbowman/Desktop/CIS*4250/PublicMobileInterface/App/Themes/index.js
FNF:0
FNH:0
LF:0
LH:0
BRF:0
BRH:0
end_of_record
