TN:
SF:/Users/sjbowman/Desktop/CIS*4250/PublicMobileInterface/App/Components/CatCard.js
FN:7,(anonymous_0)
FN:18,(anonymous_1)
FN:39,(anonymous_2)
FN:47,(anonymous_3)
FNF:4
FNH:0
FNDA:0,(anonymous_0)
FNDA:0,(anonymous_1)
FNDA:0,(anonymous_2)
FNDA:0,(anonymous_3)
DA:8,0
DA:9,0
DA:19,0
DA:20,0
DA:21,0
DA:22,0
DA:30,0
DA:40,0
DA:44,0
DA:48,0
DA:49,0
DA:50,0
DA:52,0
DA:71,1
LF:14
LH:1
BRDA:20,0,0,0
BRDA:20,0,1,0
BRDA:49,1,0,0
BRDA:49,1,1,0
BRF:4
BRH:0
end_of_record
TN:
SF:/Users/sjbowman/Desktop/CIS*4250/PublicMobileInterface/App/Components/DrawerButton.js
FN:8,(anonymous_0)
FN:11,(anonymous_1)
FN:16,(anonymous_2)
FNF:3
FNH:1
FNDA:0,(anonymous_0)
FNDA:0,(anonymous_1)
FNDA:4,(anonymous_2)
DA:8,1
DA:9,0
DA:11,0
DA:17,4
DA:25,1
LF:5
LH:3
BRF:0
BRH:0
end_of_record
TN:
SF:/Users/sjbowman/Desktop/CIS*4250/PublicMobileInterface/App/Components/DropDown.js
FN:16,(anonymous_0)
FN:24,(anonymous_1)
FN:43,(anonymous_2)
FN:60,(anonymous_3)
FNF:4
FNH:3
FNDA:2,(anonymous_0)
FNDA:0,(anonymous_1)
FNDA:2,(anonymous_2)
FNDA:2,(anonymous_3)
DA:17,2
DA:18,2
DA:25,0
DA:26,0
DA:27,0
DA:28,0
DA:30,0
DA:32,0
DA:33,0
DA:36,0
DA:44,2
DA:45,2
DA:46,0
DA:48,0
DA:50,0
DA:51,0
DA:54,0
DA:61,2
DA:62,2
DA:71,0
DA:85,1
LF:21
LH:7
BRDA:27,0,0,0
BRDA:27,0,1,0
BRDA:45,1,0,0
BRDA:45,1,1,2
BRDA:61,2,0,2
BRDA:61,2,1,0
BRF:6
BRH:2
end_of_record
TN:
SF:/Users/sjbowman/Desktop/CIS*4250/PublicMobileInterface/App/Components/NumericalSlider.js
FN:8,(anonymous_0)
FN:15,(anonymous_1)
FN:21,(anonymous_2)
FN:25,(anonymous_3)
FN:31,(anonymous_4)
FNF:5
FNH:0
FNDA:0,(anonymous_0)
FNDA:0,(anonymous_1)
FNDA:0,(anonymous_2)
FNDA:0,(anonymous_3)
FNDA:0,(anonymous_4)
DA:9,0
DA:10,0
DA:16,0
DA:22,0
DA:26,0
DA:32,0
DA:48,1
LF:7
LH:1
BRF:0
BRH:0
end_of_record
TN:
SF:/Users/sjbowman/Desktop/CIS*4250/PublicMobileInterface/App/Components/RoundedButton.js
FN:7,(anonymous_0)
FN:10,(anonymous_1)
FN:16,(anonymous_2)
FN:21,(anonymous_3)
FNF:4
FNH:2
FNDA:0,(anonymous_0)
FNDA:0,(anonymous_1)
FNDA:9,(anonymous_2)
FNDA:9,(anonymous_3)
DA:7,6
DA:8,0
DA:10,0
DA:17,9
DA:18,9
DA:22,9
DA:30,6
LF:7
LH:5
BRDA:17,0,0,9
BRDA:17,0,1,9
BRF:2
BRH:2
end_of_record
TN:
SF:/Users/sjbowman/Desktop/CIS*4250/PublicMobileInterface/App/Components/Styles/CatCardStyle.js
FNF:0
FNH:0
LF:0
LH:0
BRF:0
BRH:0
end_of_record
TN:
SF:/Users/sjbowman/Desktop/CIS*4250/PublicMobileInterface/App/Components/Styles/DrawerButtonStyles.js
FNF:0
FNH:0
LF:0
LH:0
BRF:0
BRH:0
end_of_record
TN:
SF:/Users/sjbowman/Desktop/CIS*4250/PublicMobileInterface/App/Components/Styles/DropDownStyle.js
FNF:0
FNH:0
LF:0
LH:0
BRF:0
BRH:0
end_of_record
TN:
SF:/Users/sjbowman/Desktop/CIS*4250/PublicMobileInterface/App/Components/Styles/NumericalSliderStyle.js
FNF:0
FNH:0
LF:0
LH:0
BRF:0
BRH:0
end_of_record
TN:
SF:/Users/sjbowman/Desktop/CIS*4250/PublicMobileInterface/App/Components/Styles/RoundedButtonStyle.js
FNF:0
FNH:0
LF:0
LH:0
BRF:0
BRH:0
end_of_record
TN:
SF:/Users/sjbowman/Desktop/CIS*4250/PublicMobileInterface/App/Config/DebugSettings.js
FNF:0
FNH:0
DA:1,7
LF:1
LH:1
BRF:0
BRH:0
end_of_record
TN:
SF:/Users/sjbowman/Desktop/CIS*4250/PublicMobileInterface/App/Containers/AccountInfo.js
FN:17,(anonymous_0)
FN:33,(anonymous_1)
FN:36,(anonymous_2)
FN:50,(anonymous_3)
FN:53,(anonymous_4)
FN:59,(anonymous_5)
FN:65,(anonymous_6)
FN:71,(anonymous_7)
FN:77,(anonymous_8)
FN:83,(anonymous_9)
FN:89,(anonymous_10)
FN:103,(anonymous_11)
FN:106,(anonymous_12)
FN:126,(anonymous_13)
FNF:14
FNH:3
FNDA:1,(anonymous_0)
FNDA:1,(anonymous_1)
FNDA:0,(anonymous_2)
FNDA:0,(anonymous_3)
FNDA:0,(anonymous_4)
FNDA:0,(anonymous_5)
FNDA:0,(anonymous_6)
FNDA:0,(anonymous_7)
FNDA:0,(anonymous_8)
FNDA:0,(anonymous_9)
FNDA:0,(anonymous_10)
FNDA:0,(anonymous_11)
FNDA:1,(anonymous_12)
FNDA:0,(anonymous_13)
DA:10,1
DA:18,1
DA:19,1
DA:34,1
DA:35,1
DA:37,0
DA:38,0
DA:50,0
DA:54,0
DA:60,0
DA:66,0
DA:72,0
DA:78,0
DA:84,0
DA:90,0
DA:102,0
DA:103,0
DA:107,1
DA:126,0
LF:19
LH:6
BRF:0
BRH:0
end_of_record
TN:
SF:/Users/sjbowman/Desktop/CIS*4250/PublicMobileInterface/App/Containers/AddCat.js
FN:19,(anonymous_0)
FN:34,(anonymous_1)
FN:40,(anonymous_2)
FN:49,(anonymous_3)
FN:53,(anonymous_4)
FN:62,(anonymous_5)
FN:65,(anonymous_6)
FN:81,(anonymous_7)
FN:84,(anonymous_8)
FN:90,(anonymous_9)
FN:96,(anonymous_10)
FN:102,(anonymous_11)
FN:108,(anonymous_12)
FN:114,(anonymous_13)
FN:120,(anonymous_14)
FN:126,(anonymous_15)
FNF:16
FNH:3
FNDA:1,(anonymous_0)
FNDA:1,(anonymous_1)
FNDA:0,(anonymous_2)
FNDA:0,(anonymous_3)
FNDA:0,(anonymous_4)
FNDA:0,(anonymous_5)
FNDA:0,(anonymous_6)
FNDA:0,(anonymous_7)
FNDA:0,(anonymous_8)
FNDA:0,(anonymous_9)
FNDA:0,(anonymous_10)
FNDA:0,(anonymous_11)
FNDA:0,(anonymous_12)
FNDA:0,(anonymous_13)
FNDA:0,(anonymous_14)
FNDA:1,(anonymous_15)
DA:12,1
DA:20,1
DA:21,1
DA:36,1
DA:39,1
DA:41,0
DA:42,0
DA:45,0
DA:49,0
DA:52,1
DA:54,0
DA:55,0
DA:58,0
DA:62,0
DA:66,0
DA:80,0
DA:81,0
DA:85,0
DA:91,0
DA:97,0
DA:103,0
DA:109,0
DA:115,0
DA:121,0
DA:127,1
LF:25
LH:7
BRF:0
BRH:0
end_of_record
TN:
SF:/Users/sjbowman/Desktop/CIS*4250/PublicMobileInterface/App/Containers/CatInfo.js
FN:19,(anonymous_0)
FN:37,(anonymous_1)
FN:41,(anonymous_2)
FN:53,(anonymous_3)
FN:56,(anonymous_4)
FN:62,(anonymous_5)
FN:65,(anonymous_6)
FN:71,(anonymous_7)
FN:74,(anonymous_8)
FN:82,(anonymous_9)
FN:90,(anonymous_10)
FN:99,(anonymous_11)
FN:107,(anonymous_12)
FN:116,(anonymous_13)
FN:124,(anonymous_14)
FN:133,(anonymous_15)
FN:146,(anonymous_16)
FN:149,(anonymous_17)
FN:157,(anonymous_18)
FNF:19
FNH:3
FNDA:1,(anonymous_0)
FNDA:1,(anonymous_1)
FNDA:0,(anonymous_2)
FNDA:0,(anonymous_3)
FNDA:0,(anonymous_4)
FNDA:0,(anonymous_5)
FNDA:0,(anonymous_6)
FNDA:0,(anonymous_7)
FNDA:0,(anonymous_8)
FNDA:0,(anonymous_9)
FNDA:0,(anonymous_10)
FNDA:0,(anonymous_11)
FNDA:0,(anonymous_12)
FNDA:0,(anonymous_13)
FNDA:0,(anonymous_14)
FNDA:0,(anonymous_15)
FNDA:0,(anonymous_16)
FNDA:0,(anonymous_17)
FNDA:1,(anonymous_18)
DA:12,1
DA:20,1
DA:21,1
DA:38,1
DA:40,1
DA:42,0
DA:43,0
DA:53,0
DA:55,1
DA:57,0
DA:58,0
DA:62,0
DA:64,1
DA:66,0
DA:67,0
DA:71,0
DA:75,0
DA:76,0
DA:77,0
DA:83,0
DA:84,0
DA:91,0
DA:92,0
DA:93,0
DA:100,0
DA:101,0
DA:108,0
DA:109,0
DA:110,0
DA:117,0
DA:118,0
DA:125,0
DA:126,0
DA:127,0
DA:134,0
DA:145,0
DA:146,0
DA:150,0
DA:154,0
DA:158,1
DA:159,1
DA:161,1
DA:162,1
DA:163,0
DA:164,0
DA:169,1
DA:170,1
DA:171,0
DA:172,0
DA:180,1
DA:181,1
DA:187,0
DA:193,1
DA:194,1
DA:200,0
DA:206,1
DA:207,1
DA:213,0
DA:218,1
DA:219,1
DA:220,1
DA:221,0
DA:222,0
DA:229,1
LF:64
LH:23
BRDA:83,0,0,0
BRDA:83,0,1,0
BRDA:100,1,0,0
BRDA:100,1,1,0
BRDA:117,2,0,0
BRDA:117,2,1,0
BRDA:161,3,0,1
BRDA:161,3,1,0
BRDA:163,4,0,0
BRDA:163,4,1,0
BRDA:169,5,0,1
BRDA:169,5,1,0
BRDA:171,6,0,0
BRDA:171,6,1,0
BRDA:180,7,0,1
BRDA:180,7,1,0
BRDA:193,8,0,1
BRDA:193,8,1,0
BRDA:206,9,0,1
BRDA:206,9,1,0
BRDA:220,10,0,0
BRDA:220,10,1,1
BRF:22
BRH:6
end_of_record
TN:
SF:/Users/sjbowman/Desktop/CIS*4250/PublicMobileInterface/App/Containers/CatList.js
FN:17,(anonymous_0)
FN:24,(anonymous_1)
FN:30,(anonymous_2)
FN:39,(anonymous_3)
FN:42,(anonymous_4)
FN:46,(anonymous_5)
FNF:6
FNH:3
FNDA:1,(anonymous_0)
FNDA:1,(anonymous_1)
FNDA:0,(anonymous_2)
FNDA:0,(anonymous_3)
FNDA:0,(anonymous_4)
FNDA:1,(anonymous_5)
DA:10,1
DA:18,1
DA:19,1
DA:26,1
DA:29,1
DA:31,0
DA:33,0
DA:34,0
DA:39,0
DA:43,0
DA:47,1
DA:48,1
DA:50,1
DA:51,0
DA:52,0
DA:54,0
DA:55,0
DA:58,1
DA:75,0
LF:19
LH:9
BRDA:33,0,0,0
BRDA:33,0,1,0
BRDA:50,1,0,0
BRDA:50,1,1,1
BRF:4
BRH:1
end_of_record
TN:
SF:/Users/sjbowman/Desktop/CIS*4250/PublicMobileInterface/App/Containers/DrawerContent.js
FN:16,(anonymous_0)
FN:17,(anonymous_1)
FN:26,(anonymous_2)
FN:30,(anonymous_3)
FN:35,(anonymous_4)
FN:40,(anonymous_5)
FN:45,(anonymous_6)
FN:50,(anonymous_7)
FN:55,(anonymous_8)
FN:62,(anonymous_9)
FN:63,(anonymous_10)
FN:81,(anonymous_11)
FNF:12
FNH:2
FNDA:1,(anonymous_0)
FNDA:0,(anonymous_1)
FNDA:0,(anonymous_2)
FNDA:0,(anonymous_3)
FNDA:0,(anonymous_4)
FNDA:0,(anonymous_5)
FNDA:0,(anonymous_6)
FNDA:0,(anonymous_7)
FNDA:0,(anonymous_8)
FNDA:0,(anonymous_9)
FNDA:0,(anonymous_10)
FNDA:1,(anonymous_11)
DA:9,1
DA:17,1
DA:18,0
DA:19,0
DA:20,0
DA:22,0
DA:27,0
DA:31,0
DA:32,0
DA:36,0
DA:37,0
DA:41,0
DA:42,0
DA:46,0
DA:47,0
DA:51,0
DA:52,0
DA:56,0
DA:63,0
DA:64,0
DA:65,0
DA:66,0
DA:67,0
DA:69,0
DA:82,1
DA:94,1
LF:26
LH:4
BRDA:18,0,0,0
BRDA:18,0,1,0
BRDA:64,1,0,0
BRDA:64,1,1,0
BRF:4
BRH:0
end_of_record
TN:
SF:/Users/sjbowman/Desktop/CIS*4250/PublicMobileInterface/App/Containers/PresentationScreen.js
FN:11,(anonymous_0)
FNF:1
FNH:1
FNDA:1,(anonymous_0)
DA:12,1
LF:1
LH:1
BRF:0
BRH:0
end_of_record
TN:
SF:/Users/sjbowman/Desktop/CIS*4250/PublicMobileInterface/App/Containers/SignIn.js
FN:18,(anonymous_0)
FN:26,(anonymous_1)
FN:34,(anonymous_2)
FN:44,(anonymous_3)
FN:47,(anonymous_4)
FN:53,(anonymous_5)
FN:59,(anonymous_6)
FN:63,(anonymous_7)
FN:77,(anonymous_8)
FNF:9
FNH:2
FNDA:1,(anonymous_0)
FNDA:0,(anonymous_1)
FNDA:0,(anonymous_2)
FNDA:0,(anonymous_3)
FNDA:0,(anonymous_4)
FNDA:0,(anonymous_5)
FNDA:0,(anonymous_6)
FNDA:1,(anonymous_7)
FNDA:0,(anonymous_8)
DA:11,1
DA:19,1
DA:20,1
DA:27,0
DA:28,0
DA:30,0
DA:35,0
DA:36,0
DA:37,0
DA:40,0
DA:44,0
DA:48,0
DA:54,0
DA:60,0
DA:64,1
DA:77,0
LF:16
LH:4
BRDA:27,0,0,0
BRDA:27,0,1,0
BRDA:35,1,0,0
BRDA:35,1,1,0
BRDA:35,2,0,0
BRDA:35,2,1,0
BRF:6
BRH:0
end_of_record
TN:
SF:/Users/sjbowman/Desktop/CIS*4250/PublicMobileInterface/App/Containers/SignUp.js
FN:18,(anonymous_0)
FN:29,(anonymous_1)
FN:35,(anonymous_2)
FN:41,(anonymous_3)
FN:62,(anonymous_4)
FN:65,(anonymous_5)
FN:71,(anonymous_6)
FN:77,(anonymous_7)
FN:83,(anonymous_8)
FN:89,(anonymous_9)
FN:95,(anonymous_10)
FN:99,(anonymous_11)
FN:109,(anonymous_12)
FN:112,(anonymous_13)
FN:115,(anonymous_14)
FN:118,(anonymous_15)
FNF:16
FNH:2
FNDA:1,(anonymous_0)
FNDA:0,(anonymous_1)
FNDA:0,(anonymous_2)
FNDA:0,(anonymous_3)
FNDA:0,(anonymous_4)
FNDA:0,(anonymous_5)
FNDA:0,(anonymous_6)
FNDA:0,(anonymous_7)
FNDA:0,(anonymous_8)
FNDA:0,(anonymous_9)
FNDA:0,(anonymous_10)
FNDA:1,(anonymous_11)
FNDA:0,(anonymous_12)
FNDA:0,(anonymous_13)
FNDA:0,(anonymous_14)
FNDA:0,(anonymous_15)
DA:11,1
DA:19,1
DA:20,1
DA:30,0
DA:31,0
DA:35,0
DA:37,0
DA:42,0
DA:43,0
DA:44,0
DA:47,0
DA:61,0
DA:62,0
DA:66,0
DA:72,0
DA:78,0
DA:84,0
DA:90,0
DA:96,0
DA:100,1
DA:109,0
DA:112,0
DA:115,0
DA:118,0
LF:24
LH:4
BRDA:30,0,0,0
BRDA:30,0,1,0
BRDA:42,1,0,0
BRDA:42,1,1,0
BRDA:42,2,0,0
BRDA:42,2,1,0
BRDA:42,2,2,0
BRDA:42,2,3,0
BRDA:42,2,4,0
BRF:9
BRH:0
end_of_record
TN:
SF:/Users/sjbowman/Desktop/CIS*4250/PublicMobileInterface/App/Containers/Styles/DrawerContentStyle.js
FNF:0
FNH:0
LF:0
LH:0
BRF:0
BRH:0
end_of_record
TN:
SF:/Users/sjbowman/Desktop/CIS*4250/PublicMobileInterface/App/Containers/Styles/PresentationScreenStyle.js
FNF:0
FNH:0
LF:0
LH:0
BRF:0
BRH:0
end_of_record
TN:
SF:/Users/sjbowman/Desktop/CIS*4250/PublicMobileInterface/App/Services/ExamplesRegistry.js
FN:8,(anonymous_0)
FN:10,(anonymous_1)
FN:21,(anonymous_2)
FNF:3
FNH:1
FNDA:7,(anonymous_0)
FNDA:0,(anonymous_1)
FNDA:0,(anonymous_2)
DA:6,7
DA:8,7
DA:10,7
DA:11,0
DA:21,7
LF:5
LH:4
BRDA:8,0,0,7
BRDA:8,0,1,0
BRF:2
BRH:1
end_of_record
TN:
SF:/Users/sjbowman/Desktop/CIS*4250/PublicMobileInterface/App/Themes/ApplicationStyles.js
FNF:0
FNH:0
DA:8,8
LF:1
LH:1
BRF:0
BRH:0
end_of_record
TN:
SF:/Users/sjbowman/Desktop/CIS*4250/PublicMobileInterface/App/Themes/Colors.js
FNF:0
FNH:0
DA:1,8
LF:1
LH:1
BRF:0
BRH:0
end_of_record
TN:
SF:/Users/sjbowman/Desktop/CIS*4250/PublicMobileInterface/App/Themes/Fonts.js
FNF:0
FNH:0
DA:1,8
DA:7,8
DA:21,8
LF:3
LH:3
BRF:0
BRH:0
end_of_record
TN:
SF:/Users/sjbowman/Desktop/CIS*4250/PublicMobileInterface/App/Themes/Images.js
FNF:0
FNH:0
DA:2,8
LF:1
LH:1
BRF:0
BRH:0
end_of_record
TN:
SF:/Users/sjbowman/Desktop/CIS*4250/PublicMobileInterface/App/Themes/Metrics.js
FNF:0
FNH:0
DA:3,8
DA:6,8
LF:2
LH:2
BRDA:14,0,0,8
BRDA:14,0,1,0
BRDA:15,1,0,8
BRDA:15,1,1,0
BRDA:16,2,0,8
BRDA:16,2,1,0
BRF:6
BRH:3
end_of_record
TN:
SF:/Users/sjbowman/Desktop/CIS*4250/PublicMobileInterface/App/Themes/index.js
FNF:0
FNH:0
LF:0
LH:0
BRF:0
BRH:0
end_of_record
